2020-12-29 23:04:01,938 [Worker-5: Loading available Gradle versions] INFO  o.e.b.c.i.u.g.PublishedGradleVersions - Gradle version information cache is up-to-date. Trying to read.
2020-12-29 23:06:36,837 [Worker-10: Importing Maven projects] INFO  o.e.m.c.i.l.LifecycleMappingFactory - Using org.eclipse.m2e.jdt.JarLifecycleMapping lifecycle mapping for MavenProject: com.pmes:pmes:1.5.12.RELEASE @ D:\bean\code\java\pmes\pmes\pom.xml.
2020-12-29 23:06:45,680 [Worker-10: Importing Maven projects] INFO  o.e.m.j.i.AbstractJavaProjectConfigurator - Adding source folder /pmes/src/main/java
2020-12-29 23:06:45,681 [Worker-10: Importing Maven projects] INFO  o.e.m.j.i.AbstractJavaProjectConfigurator - Adding resource folder /pmes/src/main/resources
2020-12-29 23:06:45,913 [Worker-10: Importing Maven projects] INFO  o.e.m.j.i.AbstractJavaProjectConfigurator - Adding source folder /pmes/src/test/java
2020-12-29 23:06:52,125 [Worker-10: Importing Maven projects] INFO  o.e.m.c.i.p.ProjectConfigurationManager - Imported and configured 1 project(s) in 19 sec
2020-12-29 23:06:55,987 [Worker-2: Building] INFO  o.e.m.c.i.embedder.EclipseLogger - Using 'UTF-8' encoding to copy filtered resources.
2020-12-29 23:06:56,041 [Worker-2: Building] INFO  o.e.m.c.i.embedder.EclipseLogger - Copying 8210 resources
2020-12-29 23:07:42,881 [Worker-2: Building] INFO  o.e.m.c.i.embedder.EclipseLogger - Using 'UTF-8' encoding to copy filtered resources.
2020-12-29 23:07:42,881 [Worker-2: Building] INFO  o.e.m.c.i.embedder.EclipseLogger - skip non existing resourceDirectory D:\bean\code\java\pmes\pmes\src\test\resources
2020-12-29 23:09:02,912 [Worker-6: Building] INFO  o.e.m.c.i.embedder.EclipseLogger - Using 'UTF-8' encoding to copy filtered resources.
2020-12-29 23:09:03,120 [Worker-6: Building] INFO  o.e.m.c.i.embedder.EclipseLogger - Copying 8210 resources
2020-12-29 23:09:55,680 [Worker-6: Building] INFO  o.e.m.c.i.embedder.EclipseLogger - Using 'UTF-8' encoding to copy filtered resources.
2020-12-29 23:09:55,680 [Worker-6: Building] INFO  o.e.m.c.i.embedder.EclipseLogger - skip non existing resourceDirectory D:\bean\code\java\pmes\pmes\src\test\resources
2020-12-29 23:11:57,660 [Worker-13: Building] INFO  o.e.m.c.i.embedder.EclipseLogger - Using 'UTF-8' encoding to copy filtered resources.
2020-12-29 23:11:57,661 [Worker-13: Building] INFO  o.e.m.c.i.embedder.EclipseLogger - Copying 1 resource
2020-12-29 23:11:57,665 [Worker-13: Building] INFO  o.e.m.c.i.embedder.EclipseLogger - Using 'UTF-8' encoding to copy filtered resources.
2020-12-29 23:11:57,665 [Worker-13: Building] INFO  o.e.m.c.i.embedder.EclipseLogger - skip non existing resourceDirectory D:\bean\code\java\pmes\pmes\src\test\resources
2020-12-29 23:13:54,637 [Worker-12: Building] INFO  o.e.m.c.i.embedder.EclipseLogger - Using 'UTF-8' encoding to copy filtered resources.
2020-12-29 23:13:54,637 [Worker-12: Building] INFO  o.e.m.c.i.embedder.EclipseLogger - Copying 1 resource
2020-12-29 23:13:54,642 [Worker-12: Building] INFO  o.e.m.c.i.embedder.EclipseLogger - Using 'UTF-8' encoding to copy filtered resources.
2020-12-29 23:13:54,642 [Worker-12: Building] INFO  o.e.m.c.i.embedder.EclipseLogger - skip non existing resourceDirectory D:\bean\code\java\pmes\pmes\src\test\resources
2020-12-29 23:14:03,256 [main] INFO  o.e.m2e.actions.ExecutePomAction - Creating new launch configuration
2020-12-29 23:14:09,597 [Worker-14: Launching pmes] INFO  o.e.m.i.launch.MavenLaunchDelegate - D:\bean\code\java\pmes\pmes
2020-12-29 23:14:09,598 [Worker-14: Launching pmes] INFO  o.e.m.i.launch.MavenLaunchDelegate -  mvn -B -gs "D:\bean\Program Files\apache-maven-3.6.3\conf\settings.xml" -s "D:\bean\Program Files\apache-maven-3.6.3\conf\settings.xml" package -Dstyle.color=always
2020-12-29 23:14:19,473 [Worker-12: Launching pmes] INFO  o.e.m.i.launch.MavenLaunchDelegate - D:\bean\code\java\pmes\pmes
2020-12-29 23:14:19,474 [Worker-12: Launching pmes] INFO  o.e.m.i.launch.MavenLaunchDelegate -  mvn -B -gs "D:\bean\Program Files\apache-maven-3.6.3\conf\settings.xml" -s "D:\bean\Program Files\apache-maven-3.6.3\conf\settings.xml" package -Dstyle.color=always
2020-12-29 23:14:27,011 [main] INFO  o.e.m2e.actions.ExecutePomAction - Creating new launch configuration
2020-12-29 23:14:42,159 [Worker-12: Launching pmes (1)] INFO  o.e.m.i.launch.MavenLaunchDelegate - D:\bean\code\java\pmes\pmes
2020-12-29 23:14:42,160 [Worker-12: Launching pmes (1)] INFO  o.e.m.i.launch.MavenLaunchDelegate -  mvn -B -gs "D:\bean\Program Files\apache-maven-3.6.3\conf\settings.xml" -s "D:\bean\Program Files\apache-maven-3.6.3\conf\settings.xml" package -Dstyle.color=always
2020-12-29 23:16:02,851 [Worker-8: Building] INFO  o.e.m.c.i.l.LifecycleMappingFactory - Using org.eclipse.m2e.jdt.JarLifecycleMapping lifecycle mapping for MavenProject: com.pmes:pmes:1.5.12.RELEASE @ D:\bean\code\java\pmes\pmes\pom.xml.
2020-12-29 23:16:03,815 [Worker-8: Building] INFO  o.e.m.c.i.embedder.EclipseLogger - Using 'UTF-8' encoding to copy filtered resources.
2020-12-29 23:16:03,816 [Worker-8: Building] INFO  o.e.m.c.i.embedder.EclipseLogger - Copying 0 resource
2020-12-29 23:16:03,817 [Worker-8: Building] INFO  o.e.m.c.i.embedder.EclipseLogger - Using 'UTF-8' encoding to copy filtered resources.
2020-12-29 23:16:03,817 [Worker-8: Building] INFO  o.e.m.c.i.embedder.EclipseLogger - skip non existing resourceDirectory D:\bean\code\java\pmes\pmes\src\test\resources
2020-12-29 23:16:28,299 [Worker-15: Building] INFO  o.e.m.c.i.embedder.EclipseLogger - Using 'UTF-8' encoding to copy filtered resources.
2020-12-29 23:16:28,483 [Worker-15: Building] INFO  o.e.m.c.i.embedder.EclipseLogger - Copying 8210 resources
2020-12-29 23:17:16,099 [Worker-15: Building] INFO  o.e.m.c.i.embedder.EclipseLogger - Using 'UTF-8' encoding to copy filtered resources.
2020-12-29 23:17:16,099 [Worker-15: Building] INFO  o.e.m.c.i.embedder.EclipseLogger - skip non existing resourceDirectory D:\bean\code\java\pmes\pmes\src\test\resources
2020-12-29 23:17:18,631 [Worker-12: Launching pmes (1)] INFO  o.e.m.i.launch.MavenLaunchDelegate - D:\bean\code\java\pmes\pmes
2020-12-29 23:17:18,632 [Worker-12: Launching pmes (1)] INFO  o.e.m.i.launch.MavenLaunchDelegate -  mvn -B -gs "D:\bean\Program Files\apache-maven-3.6.3\conf\settings.xml" -s "D:\bean\Program Files\apache-maven-3.6.3\conf\settings.xml" package -Dstyle.color=always
2020-12-29 23:18:54,569 [Worker-11: Launching pmes (1)] INFO  o.e.m.i.launch.MavenLaunchDelegate - D:\bean\code\java\pmes\pmes
2020-12-29 23:18:54,570 [Worker-11: Launching pmes (1)] INFO  o.e.m.i.launch.MavenLaunchDelegate -  mvn -B -gs "D:\bean\Program Files\apache-maven-3.6.3\conf\settings.xml" -s "D:\bean\Program Files\apache-maven-3.6.3\conf\settings.xml" package -Dstyle.color=always
2020-12-30 08:59:31,256 [Worker-5: Loading available Gradle versions] INFO  o.e.b.c.i.u.g.PublishedGradleVersions - Gradle version information cache is up-to-date. Trying to read.
2021-01-02 09:39:20,095 [Worker-6: Loading available Gradle versions] INFO  o.e.b.c.i.u.g.PublishedGradleVersions - Gradle version information cache is up-to-date. Trying to read.
2021-01-02 10:51:47,227 [Worker-12: Launching pmes - PmesApplication] INFO  o.e.m.c.i.embedder.EclipseLogger - Using 'UTF-8' encoding to copy filtered resources.
2021-01-02 10:51:47,281 [Worker-12: Launching pmes - PmesApplication] INFO  o.e.m.c.i.embedder.EclipseLogger - Copying 8210 resources
2021-01-02 10:53:09,600 [Worker-12: Launching pmes - PmesApplication] INFO  o.e.m.c.i.embedder.EclipseLogger - Using 'UTF-8' encoding to copy filtered resources.
2021-01-02 10:53:09,600 [Worker-12: Launching pmes - PmesApplication] INFO  o.e.m.c.i.embedder.EclipseLogger - skip non existing resourceDirectory D:\bean\code\java\pmes\pmes\src\test\resources
2021-01-02 11:02:04,803 [Worker-13: Building] INFO  o.e.m.c.i.l.LifecycleMappingFactory - Using org.eclipse.m2e.jdt.JarLifecycleMapping lifecycle mapping for MavenProject: com.pmes:pmes:1.5.12.RELEASE @ D:\bean\code\java\pmes\pmes\pom.xml.
2021-01-02 11:02:05,707 [Worker-13: Building] INFO  o.e.m.c.i.embedder.EclipseLogger - Using 'UTF-8' encoding to copy filtered resources.
2021-01-02 11:02:05,708 [Worker-13: Building] INFO  o.e.m.c.i.embedder.EclipseLogger - Copying 0 resource
2021-01-02 11:02:05,710 [Worker-13: Building] INFO  o.e.m.c.i.embedder.EclipseLogger - Using 'UTF-8' encoding to copy filtered resources.
2021-01-02 11:02:05,710 [Worker-13: Building] INFO  o.e.m.c.i.embedder.EclipseLogger - skip non existing resourceDirectory D:\bean\code\java\pmes\pmes\src\test\resources
2021-01-02 11:02:24,651 [Worker-19: Building] INFO  o.e.m.c.i.l.LifecycleMappingFactory - Using org.eclipse.m2e.jdt.JarLifecycleMapping lifecycle mapping for MavenProject: com.pmes:pmes:1.5.12.RELEASE @ D:\bean\code\java\pmes\pmes\pom.xml.
2021-01-02 11:02:25,435 [Worker-19: Building] INFO  o.e.m.c.i.embedder.EclipseLogger - Using 'UTF-8' encoding to copy filtered resources.
2021-01-02 11:02:25,435 [Worker-19: Building] INFO  o.e.m.c.i.embedder.EclipseLogger - Copying 0 resource
2021-01-02 11:02:25,437 [Worker-19: Building] INFO  o.e.m.c.i.embedder.EclipseLogger - Using 'UTF-8' encoding to copy filtered resources.
2021-01-02 11:02:25,437 [Worker-19: Building] INFO  o.e.m.c.i.embedder.EclipseLogger - skip non existing resourceDirectory D:\bean\code\java\pmes\pmes\src\test\resources
2021-01-02 11:02:42,657 [Worker-21: Building] INFO  o.e.m.c.i.l.LifecycleMappingFactory - Using org.eclipse.m2e.jdt.JarLifecycleMapping lifecycle mapping for MavenProject: com.pmes:pmes:1.5.12.RELEASE @ D:\bean\code\java\pmes\pmes\pom.xml.
2021-01-02 11:02:43,396 [Worker-21: Building] INFO  o.e.m.c.i.embedder.EclipseLogger - Using 'UTF-8' encoding to copy filtered resources.
2021-01-02 11:02:43,397 [Worker-21: Building] INFO  o.e.m.c.i.embedder.EclipseLogger - Copying 0 resource
2021-01-02 11:02:43,398 [Worker-21: Building] INFO  o.e.m.c.i.embedder.EclipseLogger - Using 'UTF-8' encoding to copy filtered resources.
2021-01-02 11:02:43,398 [Worker-21: Building] INFO  o.e.m.c.i.embedder.EclipseLogger - skip non existing resourceDirectory D:\bean\code\java\pmes\pmes\src\test\resources
2021-01-02 11:03:08,820 [Worker-20: Building] INFO  o.e.m.c.i.embedder.EclipseLogger - Using 'UTF-8' encoding to copy filtered resources.
2021-01-02 11:03:09,256 [Worker-20: Building] INFO  o.e.m.c.i.embedder.EclipseLogger - Copying 8210 resources
2021-01-02 11:03:57,742 [Worker-20: Building] INFO  o.e.m.c.i.embedder.EclipseLogger - Using 'UTF-8' encoding to copy filtered resources.
2021-01-02 11:03:57,742 [Worker-20: Building] INFO  o.e.m.c.i.embedder.EclipseLogger - skip non existing resourceDirectory D:\bean\code\java\pmes\pmes\src\test\resources
2021-01-02 11:07:40,909 [Worker-22: Building] INFO  o.e.m.c.i.l.LifecycleMappingFactory - Using org.eclipse.m2e.jdt.JarLifecycleMapping lifecycle mapping for MavenProject: com.pmes:pmes:1.5.12.RELEASE @ D:\bean\code\java\pmes\pmes\pom.xml.
2021-01-02 11:07:41,638 [Worker-22: Building] INFO  o.e.m.c.i.embedder.EclipseLogger - Using 'UTF-8' encoding to copy filtered resources.
2021-01-02 11:07:41,638 [Worker-22: Building] INFO  o.e.m.c.i.embedder.EclipseLogger - Copying 0 resource
2021-01-02 11:07:41,640 [Worker-22: Building] INFO  o.e.m.c.i.embedder.EclipseLogger - Using 'UTF-8' encoding to copy filtered resources.
2021-01-02 11:07:41,640 [Worker-22: Building] INFO  o.e.m.c.i.embedder.EclipseLogger - skip non existing resourceDirectory D:\bean\code\java\pmes\pmes\src\test\resources
2021-01-02 11:08:12,429 [Worker-22: Building] INFO  o.e.m.c.i.l.LifecycleMappingFactory - Using org.eclipse.m2e.jdt.JarLifecycleMapping lifecycle mapping for MavenProject: com.pmes:pmes:1.5.12.RELEASE @ D:\bean\code\java\pmes\pmes\pom.xml.
2021-01-02 11:08:13,439 [Worker-22: Building] INFO  o.e.m.c.i.embedder.EclipseLogger - Using 'UTF-8' encoding to copy filtered resources.
2021-01-02 11:08:13,626 [Worker-22: Building] INFO  o.e.m.c.i.embedder.EclipseLogger - Copying 8210 resources
2021-01-02 11:09:00,169 [Worker-22: Building] INFO  o.e.m.c.i.embedder.EclipseLogger - Using 'UTF-8' encoding to copy filtered resources.
2021-01-02 11:09:00,169 [Worker-22: Building] INFO  o.e.m.c.i.embedder.EclipseLogger - skip non existing resourceDirectory D:\bean\code\java\pmes\pmes\src\test\resources
2021-01-02 11:12:00,335 [Worker-24: Building] INFO  o.e.m.c.i.embedder.EclipseLogger - Using 'UTF-8' encoding to copy filtered resources.
2021-01-02 11:12:00,336 [Worker-24: Building] INFO  o.e.m.c.i.embedder.EclipseLogger - Copying 1 resource
2021-01-02 11:12:00,343 [Worker-24: Building] INFO  o.e.m.c.i.embedder.EclipseLogger - Using 'UTF-8' encoding to copy filtered resources.
2021-01-02 11:12:00,343 [Worker-24: Building] INFO  o.e.m.c.i.embedder.EclipseLogger - skip non existing resourceDirectory D:\bean\code\java\pmes\pmes\src\test\resources
2021-01-02 11:20:51,005 [Worker-35: Building] INFO  o.e.m.c.i.embedder.EclipseLogger - Using 'UTF-8' encoding to copy filtered resources.
2021-01-02 11:20:51,196 [Worker-35: Building] INFO  o.e.m.c.i.embedder.EclipseLogger - Copying 8210 resources
2021-01-02 11:20:52,211 [Worker-35: Building] INFO  o.e.m.c.i.embedder.EclipseLogger - Using 'UTF-8' encoding to copy filtered resources.
2021-01-02 11:20:52,211 [Worker-35: Building] INFO  o.e.m.c.i.embedder.EclipseLogger - skip non existing resourceDirectory D:\bean\code\java\pmes\pmes\src\test\resources
2021-01-02 20:23:05,659 [Worker-45: Building] INFO  o.e.m.c.i.embedder.EclipseLogger - Using 'UTF-8' encoding to copy filtered resources.
2021-01-02 20:23:05,884 [Worker-45: Building] INFO  o.e.m.c.i.embedder.EclipseLogger - Copying 8210 resources
2021-01-02 20:23:06,932 [Worker-45: Building] INFO  o.e.m.c.i.embedder.EclipseLogger - Using 'UTF-8' encoding to copy filtered resources.
2021-01-02 20:23:06,932 [Worker-45: Building] INFO  o.e.m.c.i.embedder.EclipseLogger - skip non existing resourceDirectory D:\bean\code\java\pmes\pmes\src\test\resources
2021-01-02 20:23:15,777 [Worker-57: Building] INFO  o.e.m.c.i.embedder.EclipseLogger - Using 'UTF-8' encoding to copy filtered resources.
2021-01-02 20:23:15,978 [Worker-57: Building] INFO  o.e.m.c.i.embedder.EclipseLogger - Copying 8210 resources
2021-01-02 20:23:16,938 [Worker-57: Building] INFO  o.e.m.c.i.embedder.EclipseLogger - Using 'UTF-8' encoding to copy filtered resources.
2021-01-02 20:23:16,938 [Worker-57: Building] INFO  o.e.m.c.i.embedder.EclipseLogger - skip non existing resourceDirectory D:\bean\code\java\pmes\pmes\src\test\resources
2021-01-02 20:32:07,174 [Worker-65: Building] INFO  o.e.m.c.i.embedder.EclipseLogger - Using 'UTF-8' encoding to copy filtered resources.
2021-01-02 20:32:07,371 [Worker-65: Building] INFO  o.e.m.c.i.embedder.EclipseLogger - Copying 8210 resources
2021-01-02 20:32:08,315 [Worker-65: Building] INFO  o.e.m.c.i.embedder.EclipseLogger - Using 'UTF-8' encoding to copy filtered resources.
2021-01-02 20:32:08,316 [Worker-65: Building] INFO  o.e.m.c.i.embedder.EclipseLogger - skip non existing resourceDirectory D:\bean\code\java\pmes\pmes\src\test\resources
2021-01-02 20:32:31,070 [Worker-65: Building] INFO  o.e.m.c.i.embedder.EclipseLogger - Using 'UTF-8' encoding to copy filtered resources.
2021-01-02 20:32:31,265 [Worker-65: Building] INFO  o.e.m.c.i.embedder.EclipseLogger - Copying 8210 resources
2021-01-02 20:32:32,227 [Worker-65: Building] INFO  o.e.m.c.i.embedder.EclipseLogger - Using 'UTF-8' encoding to copy filtered resources.
2021-01-02 20:32:32,227 [Worker-65: Building] INFO  o.e.m.c.i.embedder.EclipseLogger - skip non existing resourceDirectory D:\bean\code\java\pmes\pmes\src\test\resources
2021-01-02 20:32:41,058 [Worker-68: Building] INFO  o.e.m.c.i.embedder.EclipseLogger - Using 'UTF-8' encoding to copy filtered resources.
2021-01-02 20:32:41,254 [Worker-68: Building] INFO  o.e.m.c.i.embedder.EclipseLogger - Copying 8210 resources
2021-01-02 20:32:42,225 [Worker-68: Building] INFO  o.e.m.c.i.embedder.EclipseLogger - Using 'UTF-8' encoding to copy filtered resources.
2021-01-02 20:32:42,226 [Worker-68: Building] INFO  o.e.m.c.i.embedder.EclipseLogger - skip non existing resourceDirectory D:\bean\code\java\pmes\pmes\src\test\resources
2021-01-02 20:32:49,102 [Worker-65: Building] INFO  o.e.m.c.i.embedder.EclipseLogger - Using 'UTF-8' encoding to copy filtered resources.
2021-01-02 20:32:49,296 [Worker-65: Building] INFO  o.e.m.c.i.embedder.EclipseLogger - Copying 8210 resources
2021-01-02 20:32:50,254 [Worker-65: Building] INFO  o.e.m.c.i.embedder.EclipseLogger - Using 'UTF-8' encoding to copy filtered resources.
2021-01-02 20:32:50,254 [Worker-65: Building] INFO  o.e.m.c.i.embedder.EclipseLogger - skip non existing resourceDirectory D:\bean\code\java\pmes\pmes\src\test\resources
2021-01-02 20:32:53,882 [Worker-67: Building] INFO  o.e.m.c.i.embedder.EclipseLogger - Using 'UTF-8' encoding to copy filtered resources.
2021-01-02 20:32:54,079 [Worker-67: Building] INFO  o.e.m.c.i.embedder.EclipseLogger - Copying 8210 resources
2021-01-02 20:32:55,059 [Worker-67: Building] INFO  o.e.m.c.i.embedder.EclipseLogger - Using 'UTF-8' encoding to copy filtered resources.
2021-01-02 20:32:55,059 [Worker-67: Building] INFO  o.e.m.c.i.embedder.EclipseLogger - skip non existing resourceDirectory D:\bean\code\java\pmes\pmes\src\test\resources
2021-01-02 20:33:01,820 [Worker-67: Building] INFO  o.e.m.c.i.embedder.EclipseLogger - Using 'UTF-8' encoding to copy filtered resources.
2021-01-02 20:33:02,013 [Worker-67: Building] INFO  o.e.m.c.i.embedder.EclipseLogger - Copying 8210 resources
2021-01-02 20:33:02,986 [Worker-67: Building] INFO  o.e.m.c.i.embedder.EclipseLogger - Using 'UTF-8' encoding to copy filtered resources.
2021-01-02 20:33:02,987 [Worker-67: Building] INFO  o.e.m.c.i.embedder.EclipseLogger - skip non existing resourceDirectory D:\bean\code\java\pmes\pmes\src\test\resources
2021-01-02 20:33:10,386 [Worker-69: Building] INFO  o.e.m.c.i.embedder.EclipseLogger - Using 'UTF-8' encoding to copy filtered resources.
2021-01-02 20:33:10,595 [Worker-69: Building] INFO  o.e.m.c.i.embedder.EclipseLogger - Copying 8210 resources
2021-01-02 20:33:11,545 [Worker-69: Building] INFO  o.e.m.c.i.embedder.EclipseLogger - Using 'UTF-8' encoding to copy filtered resources.
2021-01-02 20:33:11,545 [Worker-69: Building] INFO  o.e.m.c.i.embedder.EclipseLogger - skip non existing resourceDirectory D:\bean\code\java\pmes\pmes\src\test\resources
2021-01-02 20:33:23,447 [Worker-65: Building] INFO  o.e.m.c.i.embedder.EclipseLogger - Using 'UTF-8' encoding to copy filtered resources.
2021-01-02 20:33:23,640 [Worker-65: Building] INFO  o.e.m.c.i.embedder.EclipseLogger - Copying 8210 resources
2021-01-02 20:33:24,588 [Worker-65: Building] INFO  o.e.m.c.i.embedder.EclipseLogger - Using 'UTF-8' encoding to copy filtered resources.
2021-01-02 20:33:24,588 [Worker-65: Building] INFO  o.e.m.c.i.embedder.EclipseLogger - skip non existing resourceDirectory D:\bean\code\java\pmes\pmes\src\test\resources
2021-01-02 20:33:28,522 [Worker-65: Building] INFO  o.e.m.c.i.embedder.EclipseLogger - Using 'UTF-8' encoding to copy filtered resources.
2021-01-02 20:33:28,720 [Worker-65: Building] INFO  o.e.m.c.i.embedder.EclipseLogger - Copying 8210 resources
2021-01-02 20:33:29,674 [Worker-65: Building] INFO  o.e.m.c.i.embedder.EclipseLogger - Using 'UTF-8' encoding to copy filtered resources.
2021-01-02 20:33:29,674 [Worker-65: Building] INFO  o.e.m.c.i.embedder.EclipseLogger - skip non existing resourceDirectory D:\bean\code\java\pmes\pmes\src\test\resources
2021-01-02 20:33:32,949 [Worker-67: Building] INFO  o.e.m.c.i.embedder.EclipseLogger - Using 'UTF-8' encoding to copy filtered resources.
2021-01-02 20:33:33,156 [Worker-67: Building] INFO  o.e.m.c.i.embedder.EclipseLogger - Copying 8210 resources
2021-01-02 20:33:34,121 [Worker-67: Building] INFO  o.e.m.c.i.embedder.EclipseLogger - Using 'UTF-8' encoding to copy filtered resources.
2021-01-02 20:33:34,121 [Worker-67: Building] INFO  o.e.m.c.i.embedder.EclipseLogger - skip non existing resourceDirectory D:\bean\code\java\pmes\pmes\src\test\resources
2021-01-02 20:33:37,744 [Worker-66: Building] INFO  o.e.m.c.i.embedder.EclipseLogger - Using 'UTF-8' encoding to copy filtered resources.
2021-01-02 20:33:37,938 [Worker-66: Building] INFO  o.e.m.c.i.embedder.EclipseLogger - Copying 8210 resources
2021-01-02 20:33:38,934 [Worker-66: Building] INFO  o.e.m.c.i.embedder.EclipseLogger - Using 'UTF-8' encoding to copy filtered resources.
2021-01-02 20:33:38,934 [Worker-66: Building] INFO  o.e.m.c.i.embedder.EclipseLogger - skip non existing resourceDirectory D:\bean\code\java\pmes\pmes\src\test\resources
2021-01-02 20:33:49,425 [Worker-68: Building] INFO  o.e.m.c.i.embedder.EclipseLogger - Using 'UTF-8' encoding to copy filtered resources.
2021-01-02 20:33:49,621 [Worker-68: Building] INFO  o.e.m.c.i.embedder.EclipseLogger - Copying 8210 resources
2021-01-02 20:33:50,552 [Worker-68: Building] INFO  o.e.m.c.i.embedder.EclipseLogger - Using 'UTF-8' encoding to copy filtered resources.
2021-01-02 20:33:50,552 [Worker-68: Building] INFO  o.e.m.c.i.embedder.EclipseLogger - skip non existing resourceDirectory D:\bean\code\java\pmes\pmes\src\test\resources
2021-01-02 20:33:55,155 [Worker-64: Building] INFO  o.e.m.c.i.embedder.EclipseLogger - Using 'UTF-8' encoding to copy filtered resources.
2021-01-02 20:33:55,354 [Worker-64: Building] INFO  o.e.m.c.i.embedder.EclipseLogger - Copying 8210 resources
2021-01-02 20:33:56,287 [Worker-64: Building] INFO  o.e.m.c.i.embedder.EclipseLogger - Using 'UTF-8' encoding to copy filtered resources.
2021-01-02 20:33:56,287 [Worker-64: Building] INFO  o.e.m.c.i.embedder.EclipseLogger - skip non existing resourceDirectory D:\bean\code\java\pmes\pmes\src\test\resources
2021-01-02 20:34:01,646 [Worker-66: Building] INFO  o.e.m.c.i.embedder.EclipseLogger - Using 'UTF-8' encoding to copy filtered resources.
2021-01-02 20:34:01,840 [Worker-66: Building] INFO  o.e.m.c.i.embedder.EclipseLogger - Copying 8210 resources
2021-01-02 20:34:02,773 [Worker-66: Building] INFO  o.e.m.c.i.embedder.EclipseLogger - Using 'UTF-8' encoding to copy filtered resources.
2021-01-02 20:34:02,773 [Worker-66: Building] INFO  o.e.m.c.i.embedder.EclipseLogger - skip non existing resourceDirectory D:\bean\code\java\pmes\pmes\src\test\resources
2021-01-03 10:13:59,635 [Worker-6: Loading available Gradle versions] INFO  o.e.b.c.i.u.g.PublishedGradleVersions - Gradle version information cache is out-of-date. Trying to update.
2021-01-03 13:42:35,314 [Worker-1: Loading available Gradle versions] INFO  o.e.b.c.i.u.g.PublishedGradleVersions - Gradle version information cache is up-to-date. Trying to read.
