
2018-7-5 15:37:30:-335625:-704
mbtcpClose = 0

2018-7-5 15:37:30:-335596:-211
Connect Failed, GetLastError = 0

2018-7-5 15:37:31:-332796:-23
mbtcpClose = 0

2018-7-5 15:37:31:-332787:-23
Connect Failed, GetLastError = 0

2018-7-5 15:37:32:-329986:-441
mbtcpClose = 0

2018-7-5 15:37:32:-329950:-260
Connect Failed, GetLastError = 0

2018-7-5 15:37:33:-327146:-455
mbtcpClose = 0

2018-7-5 15:37:33:-327137:-402
Connect Failed, GetLastError = 0

2018-7-5 15:37:34:-324334:-315
mbtcpClose = 0

2018-7-5 15:37:34:-324320:-570
Connect Failed, GetLastError = 0

2018-7-5 15:38:10:-233367:-453
mbtcpClose = 0

2018-7-5 15:38:11:-229456:-317
mbtcpClose = 0

2018-7-5 15:38:13:-225945:-571
mbtcpClose = 0

2018-7-12 14:24:56:-1950405:-407

 write Fail

2018-7-12 14:24:58:-1946341:-65
mbtcpClose = 10053

2018-7-12 14:24:58:-1945784:-392
mbtcpClose = 10038

2018-7-12 14:24:58:-1945229:-546
当前线程号为12248

2018-7-12 14:24:58:-1945181:-404
发送失败

2018-7-12 14:24:58:-1945154:-852
发送数据为:0-6-0-0-0-6-ff-3-0-0-0-1-

2018-7-12 14:24:58:-1945146:-810

 write Fail

2018-7-12 14:25:0:-1940120:-864
mbtcpClose = 0

2020-11-24 14:50:37:2089773:716
mbtcpClose = 0

2020-11-24 14:50:37:2090121:44
Connect Failed, GetLastError = 0

2020-11-24 14:50:38:2101286:570
mbtcpClose = 0

2020-11-24 14:50:38:2101615:99
Connect Failed, GetLastError = 0

2020-11-24 14:50:39:2112936:788
mbtcpClose = 0

2020-11-24 14:50:39:2113275:54
Connect Failed, GetLastError = 0

2020-11-24 14:50:40:2124593:567
mbtcpClose = 0

2020-11-24 14:50:40:2124886:900
Connect Failed, GetLastError = 0

2020-11-24 14:50:41:2136085:501
mbtcpClose = 0

2020-11-24 14:50:41:2136405:62
Connect Failed, GetLastError = 0
