2020-12-20 11:33:55,603 [Worker-2: Loading available Gradle versions] INFO  o.e.b.c.i.u.g.PublishedGradleVersions - Gradle version information cache is up-to-date. Trying to read.
2020-12-20 11:43:11,171 [Worker-2: Importing Maven projects] INFO  o.e.m.c.i.l.LifecycleMappingFactory - Using org.eclipse.m2e.jdt.JarLifecycleMapping lifecycle mapping for MavenProject: com.snimay:sample:0.0.1-SNAPSHOT @ D:\bean\code\java\snimay_\snimay\pom.xml.
2020-12-20 11:43:30,265 [Worker-2: Importing Maven projects] INFO  o.e.m.j.i.AbstractJavaProjectConfigurator - Adding source folder /snimay/src/main/java
2020-12-20 11:43:30,266 [Worker-2: Importing Maven projects] INFO  o.e.m.j.i.AbstractJavaProjectConfigurator - Adding resource folder /snimay/src/main/resources
2020-12-20 11:43:30,370 [Worker-2: Importing Maven projects] INFO  o.e.m.j.i.AbstractJavaProjectConfigurator - Adding source folder /snimay/src/test/java
2020-12-20 11:43:31,462 [Worker-2: Importing Maven projects] INFO  o.e.m.c.i.p.ProjectConfigurationManager - Imported and configured 1 project(s) in 29 sec
2020-12-20 11:43:38,089 [Worker-13: Building] INFO  o.e.m.c.i.embedder.EclipseLogger - Using 'UTF-8' encoding to copy filtered resources.
2020-12-20 11:43:38,180 [Worker-13: Building] INFO  o.e.m.c.i.embedder.EclipseLogger - Copying 7186 resources
2020-12-20 11:44:36,738 [Worker-13: Building] INFO  o.e.m.c.i.embedder.EclipseLogger - Using 'UTF-8' encoding to copy filtered resources.
2020-12-20 11:44:36,739 [Worker-13: Building] INFO  o.e.m.c.i.embedder.EclipseLogger - skip non existing resourceDirectory D:\bean\code\java\snimay_\snimay\src\test\resources
2020-12-20 11:55:40,682 [Worker-13: Updating Maven Project] INFO  o.e.m.c.i.p.ProjectConfigurationManager - Update started
2020-12-20 11:55:42,597 [Worker-13: Updating Maven Project] INFO  o.e.m.c.i.l.LifecycleMappingFactory - Using org.eclipse.m2e.jdt.JarLifecycleMapping lifecycle mapping for MavenProject: com.snimay:sample:0.0.1-SNAPSHOT @ D:\bean\code\java\snimay_\snimay\pom.xml.
2020-12-20 11:55:43,842 [Worker-13: Updating Maven Project] INFO  o.e.m.j.i.AbstractJavaProjectConfigurator - Adding source folder /snimay/src/main/java
2020-12-20 11:55:43,842 [Worker-13: Updating Maven Project] INFO  o.e.m.j.i.AbstractJavaProjectConfigurator - Adding resource folder /snimay/src/main/resources
2020-12-20 11:55:43,884 [Worker-13: Updating Maven Project] INFO  o.e.m.j.i.AbstractJavaProjectConfigurator - Adding source folder /snimay/src/test/java
2020-12-20 11:56:02,204 [Worker-13: Updating Maven Project] INFO  o.e.m.c.i.p.ProjectConfigurationManager - Update completed: 21 sec
2020-12-20 11:56:04,349 [Worker-13: Building] INFO  o.e.m.c.i.embedder.EclipseLogger - Using 'UTF-8' encoding to copy filtered resources.
2020-12-20 11:56:04,385 [Worker-13: Building] INFO  o.e.m.c.i.embedder.EclipseLogger - Copying 7186 resources
2020-12-20 11:57:08,754 [Worker-13: Building] INFO  o.e.m.c.i.embedder.EclipseLogger - Using 'UTF-8' encoding to copy filtered resources.
2020-12-20 11:57:08,755 [Worker-13: Building] INFO  o.e.m.c.i.embedder.EclipseLogger - skip non existing resourceDirectory D:\bean\code\java\snimay_\snimay\src\test\resources
2020-12-20 13:10:36,306 [Worker-31: Building] INFO  o.e.m.c.i.embedder.EclipseLogger - Using 'UTF-8' encoding to copy filtered resources.
2020-12-20 13:10:36,657 [Worker-31: Building] INFO  o.e.m.c.i.embedder.EclipseLogger - Copying 7186 resources
2020-12-20 13:11:36,447 [Worker-31: Building] INFO  o.e.m.c.i.embedder.EclipseLogger - Using 'UTF-8' encoding to copy filtered resources.
2020-12-20 13:11:36,447 [Worker-31: Building] INFO  o.e.m.c.i.embedder.EclipseLogger - skip non existing resourceDirectory D:\bean\code\java\snimay_\snimay\src\test\resources
2020-12-20 13:11:56,528 [Worker-31: Building] INFO  o.e.m.c.i.embedder.EclipseLogger - Using 'UTF-8' encoding to copy filtered resources.
2020-12-20 13:11:56,529 [Worker-31: Building] INFO  o.e.m.c.i.embedder.EclipseLogger - Copying 1 resource
2020-12-20 13:11:56,533 [Worker-31: Building] INFO  o.e.m.c.i.embedder.EclipseLogger - Using 'UTF-8' encoding to copy filtered resources.
2020-12-20 13:11:56,534 [Worker-31: Building] INFO  o.e.m.c.i.embedder.EclipseLogger - skip non existing resourceDirectory D:\bean\code\java\snimay_\snimay\src\test\resources
2020-12-20 13:12:02,967 [Worker-33: Building] INFO  o.e.m.c.i.embedder.EclipseLogger - Using 'UTF-8' encoding to copy filtered resources.
2020-12-20 13:12:02,967 [Worker-33: Building] INFO  o.e.m.c.i.embedder.EclipseLogger - Copying 1 resource
2020-12-20 13:12:02,971 [Worker-33: Building] INFO  o.e.m.c.i.embedder.EclipseLogger - Using 'UTF-8' encoding to copy filtered resources.
2020-12-20 13:12:02,971 [Worker-33: Building] INFO  o.e.m.c.i.embedder.EclipseLogger - skip non existing resourceDirectory D:\bean\code\java\snimay_\snimay\src\test\resources
2020-12-20 13:12:46,221 [Worker-30: Building] INFO  o.e.m.c.i.embedder.EclipseLogger - Using 'UTF-8' encoding to copy filtered resources.
2020-12-20 13:12:46,221 [Worker-30: Building] INFO  o.e.m.c.i.embedder.EclipseLogger - Copying 1 resource
2020-12-20 13:12:46,226 [Worker-30: Building] INFO  o.e.m.c.i.embedder.EclipseLogger - Using 'UTF-8' encoding to copy filtered resources.
2020-12-20 13:12:46,226 [Worker-30: Building] INFO  o.e.m.c.i.embedder.EclipseLogger - skip non existing resourceDirectory D:\bean\code\java\snimay_\snimay\src\test\resources
2020-12-20 13:12:54,224 [Worker-31: Building] INFO  o.e.m.c.i.embedder.EclipseLogger - Using 'UTF-8' encoding to copy filtered resources.
2020-12-20 13:12:54,224 [Worker-31: Building] INFO  o.e.m.c.i.embedder.EclipseLogger - Copying 1 resource
2020-12-20 13:12:54,229 [Worker-31: Building] INFO  o.e.m.c.i.embedder.EclipseLogger - Using 'UTF-8' encoding to copy filtered resources.
2020-12-20 13:12:54,229 [Worker-31: Building] INFO  o.e.m.c.i.embedder.EclipseLogger - skip non existing resourceDirectory D:\bean\code\java\snimay_\snimay\src\test\resources
2020-12-21 08:51:54,536 [Worker-6: Loading available Gradle versions] INFO  o.e.b.c.i.u.g.PublishedGradleVersions - Gradle version information cache is out-of-date. Trying to update.
2020-12-21 08:52:05,404 [Worker-6: Loading available Gradle versions] INFO  o.e.b.c.i.u.g.PublishedGradleVersions - Updating Gradle version information cache failed. Using outdated cache.
2020-12-21 09:04:27,564 [Worker-12: Building] INFO  o.e.m.c.i.embedder.EclipseLogger - Using 'UTF-8' encoding to copy filtered resources.
2020-12-21 09:04:27,624 [Worker-12: Building] INFO  o.e.m.c.i.embedder.EclipseLogger - Copying 7186 resources
2020-12-21 09:04:29,236 [Worker-12: Building] INFO  o.e.m.c.i.embedder.EclipseLogger - Using 'UTF-8' encoding to copy filtered resources.
2020-12-21 09:04:29,236 [Worker-12: Building] INFO  o.e.m.c.i.embedder.EclipseLogger - skip non existing resourceDirectory D:\bean\code\java\snimay_\snimay\src\test\resources
2020-12-21 09:09:59,731 [Worker-14: Launching Executing clean in D__bean_code_java_snimay__snimay] INFO  o.e.m.i.launch.MavenLaunchDelegate - D:\bean\code\java\snimay_\snimay
2020-12-21 09:09:59,732 [Worker-14: Launching Executing clean in D__bean_code_java_snimay__snimay] INFO  o.e.m.i.launch.MavenLaunchDelegate -  mvn -B -gs "D:\bean\Program Files\apache-maven-3.6.3\conf\settings.xml" -s "D:\bean\Program Files\apache-maven-3.6.3\conf\settings.xml" clean -Dstyle.color=always
2020-12-21 09:10:33,596 [Worker-23: Building] INFO  o.e.m.c.i.embedder.EclipseLogger - Using 'UTF-8' encoding to copy filtered resources.
2020-12-21 09:10:33,785 [Worker-23: Building] INFO  o.e.m.c.i.embedder.EclipseLogger - Copying 7186 resources
2020-12-21 09:11:33,745 [Worker-23: Building] INFO  o.e.m.c.i.embedder.EclipseLogger - Using 'UTF-8' encoding to copy filtered resources.
2020-12-21 09:11:33,745 [Worker-23: Building] INFO  o.e.m.c.i.embedder.EclipseLogger - skip non existing resourceDirectory D:\bean\code\java\snimay_\snimay\src\test\resources
2020-12-21 09:11:35,201 [Worker-17: Launching Executing clean in D__bean_code_java_snimay__snimay] INFO  o.e.m.i.launch.MavenLaunchDelegate - D:\bean\code\java\snimay_\snimay
2020-12-21 09:11:35,202 [Worker-17: Launching Executing clean in D__bean_code_java_snimay__snimay] INFO  o.e.m.i.launch.MavenLaunchDelegate -  mvn -B -gs "D:\bean\Program Files\apache-maven-3.6.3\conf\settings.xml" -s "D:\bean\Program Files\apache-maven-3.6.3\conf\settings.xml" clean -Dstyle.color=always
2020-12-21 09:11:44,453 [Worker-23: Building] INFO  o.e.m.c.i.embedder.EclipseLogger - Using 'UTF-8' encoding to copy filtered resources.
2020-12-21 09:11:44,605 [Worker-23: Building] INFO  o.e.m.c.i.embedder.EclipseLogger - Copying 7186 resources
2020-12-21 09:11:52,916 [Worker-23: Building] INFO  o.e.m.c.i.embedder.EclipseLogger - Using 'UTF-8' encoding to copy filtered resources.
2020-12-21 09:11:52,916 [Worker-23: Building] INFO  o.e.m.c.i.embedder.EclipseLogger - skip non existing resourceDirectory D:\bean\code\java\snimay_\snimay\src\test\resources
2020-12-21 09:12:36,813 [Worker-23: Building] INFO  o.e.m.c.i.embedder.EclipseLogger - Using 'UTF-8' encoding to copy filtered resources.
2020-12-21 09:12:36,859 [Worker-23: Building] INFO  o.e.m.c.i.embedder.EclipseLogger - Copying 7186 resources
2020-12-21 09:13:13,773 [Worker-23: Building] INFO  o.e.m.c.i.embedder.EclipseLogger - Using 'UTF-8' encoding to copy filtered resources.
2020-12-21 09:13:13,773 [Worker-23: Building] INFO  o.e.m.c.i.embedder.EclipseLogger - skip non existing resourceDirectory D:\bean\code\java\snimay_\snimay\src\test\resources
2020-12-21 09:16:19,445 [main] INFO  o.e.m2e.actions.ExecutePomAction - Creating new launch configuration
2020-12-21 09:16:27,663 [Worker-24: Launching snimay] INFO  o.e.m.i.launch.MavenLaunchDelegate - D:\bean\code\java\snimay_\snimay
2020-12-21 09:16:27,663 [Worker-24: Launching snimay] INFO  o.e.m.i.launch.MavenLaunchDelegate -  mvn -B -gs "D:\bean\Program Files\apache-maven-3.6.3\conf\settings.xml" -s "D:\bean\Program Files\apache-maven-3.6.3\conf\settings.xml" package -Dstyle.color=always
2020-12-21 09:16:56,127 [Worker-26: Building] INFO  o.e.m.c.i.embedder.EclipseLogger - Using 'UTF-8' encoding to copy filtered resources.
2020-12-21 09:16:56,159 [Worker-26: Building] INFO  o.e.m.c.i.embedder.EclipseLogger - Copying 7186 resources
2020-12-21 09:17:30,673 [Worker-26: Building] INFO  o.e.m.c.i.embedder.EclipseLogger - Using 'UTF-8' encoding to copy filtered resources.
2020-12-21 09:17:30,673 [Worker-26: Building] INFO  o.e.m.c.i.embedder.EclipseLogger - skip non existing resourceDirectory D:\bean\code\java\snimay_\snimay\src\test\resources
2020-12-21 09:21:20,268 [Worker-22: Launching snimay] INFO  o.e.m.i.launch.MavenLaunchDelegate - D:\bean\code\java\snimay_\snimay
2020-12-21 09:21:20,269 [Worker-22: Launching snimay] INFO  o.e.m.i.launch.MavenLaunchDelegate -  mvn -B -gs "D:\bean\Program Files\apache-maven-3.6.3\conf\settings.xml" -s "D:\bean\Program Files\apache-maven-3.6.3\conf\settings.xml" package -Dstyle.color=always
2020-12-21 09:49:15,147 [Worker-33: reload maven project] WARN  o.e.m.c.i.embedder.EclipseLogger - The POM for org.jboss.pressgang:pressgang-xslt-ns:jar:3.1.3 is missing, no dependency information available
2020-12-21 09:49:15,154 [Worker-33: reload maven project] WARN  o.e.m.c.i.embedder.EclipseLogger - The POM for org.jboss.pressgang:pressgang-jdocbook-style:jdocbook-style:3.1.3 is missing, no dependency information available
2020-12-21 09:49:15,161 [Worker-33: reload maven project] WARN  o.e.m.c.i.embedder.EclipseLogger - The POM for org.jboss.jdocbook:jdocbook-core:jar:1.1.1 is missing, no dependency information available
2020-12-21 09:49:16,740 [Worker-33: reload maven project] WARN  o.e.m.c.i.embedder.EclipseLogger - Failed to build parent project for org.kie:kie-parent-with-dependencies:pom:6.5.0.Final
2020-12-21 09:49:16,742 [Worker-33: reload maven project] WARN  o.e.m.c.i.embedder.EclipseLogger - Failed to build parent project for org.drools:drools:pom:6.5.0.Final
2020-12-21 09:49:16,743 [Worker-33: reload maven project] WARN  o.e.m.c.i.embedder.EclipseLogger - Failed to build parent project for org.drools:knowledge-api:jar:6.5.0.Final
2020-12-21 09:58:36,246 [Worker-39: reload maven project] WARN  o.e.m.c.i.embedder.EclipseLogger - Failed to build parent project for org.kie:kie-parent-with-dependencies:pom:6.5.0.Final
2020-12-21 09:58:36,248 [Worker-39: reload maven project] WARN  o.e.m.c.i.embedder.EclipseLogger - Failed to build parent project for org.drools:drools:pom:6.5.0.Final
2020-12-21 09:58:36,249 [Worker-39: reload maven project] WARN  o.e.m.c.i.embedder.EclipseLogger - Failed to build parent project for org.drools:drools-core:bundle:6.5.0.Final
2020-12-21 09:58:53,687 [Worker-41: reload maven project] WARN  o.e.m.c.i.embedder.EclipseLogger - Failed to build parent project for org.kie:kie-parent-with-dependencies:pom:6.5.0.Final
2020-12-21 09:58:53,689 [Worker-41: reload maven project] WARN  o.e.m.c.i.embedder.EclipseLogger - Failed to build parent project for org.drools:drools:pom:6.5.0.Final
2020-12-21 09:58:53,690 [Worker-41: reload maven project] WARN  o.e.m.c.i.embedder.EclipseLogger - Failed to build parent project for org.drools:knowledge-api:jar:6.5.0.Final
2020-12-21 10:10:46,806 [Worker-53: Building] INFO  o.e.m.c.i.embedder.EclipseLogger - Using 'UTF-8' encoding to copy filtered resources.
2020-12-21 10:10:46,966 [Worker-53: Building] INFO  o.e.m.c.i.embedder.EclipseLogger - Copying 7186 resources
2020-12-21 10:10:47,813 [Worker-53: Building] INFO  o.e.m.c.i.embedder.EclipseLogger - Using 'UTF-8' encoding to copy filtered resources.
2020-12-21 10:10:47,813 [Worker-53: Building] INFO  o.e.m.c.i.embedder.EclipseLogger - skip non existing resourceDirectory D:\bean\code\java\snimay_\snimay\src\test\resources
2020-12-21 16:34:32,590 [Worker-66: Building] INFO  o.e.m.c.i.embedder.EclipseLogger - Using 'UTF-8' encoding to copy filtered resources.
2020-12-21 16:34:32,591 [Worker-66: Building] INFO  o.e.m.c.i.embedder.EclipseLogger - Copying 1 resource
2020-12-21 16:34:32,596 [Worker-66: Building] INFO  o.e.m.c.i.embedder.EclipseLogger - Using 'UTF-8' encoding to copy filtered resources.
2020-12-21 16:34:32,597 [Worker-66: Building] INFO  o.e.m.c.i.embedder.EclipseLogger - skip non existing resourceDirectory D:\bean\code\java\snimay_\snimay\src\test\resources
2020-12-21 16:34:39,714 [Worker-71: Building] INFO  o.e.m.c.i.embedder.EclipseLogger - Using 'UTF-8' encoding to copy filtered resources.
2020-12-21 16:34:39,714 [Worker-71: Building] INFO  o.e.m.c.i.embedder.EclipseLogger - Copying 1 resource
2020-12-21 16:34:39,719 [Worker-71: Building] INFO  o.e.m.c.i.embedder.EclipseLogger - Using 'UTF-8' encoding to copy filtered resources.
2020-12-21 16:34:39,719 [Worker-71: Building] INFO  o.e.m.c.i.embedder.EclipseLogger - skip non existing resourceDirectory D:\bean\code\java\snimay_\snimay\src\test\resources
2020-12-21 16:34:44,091 [Worker-77: Building] INFO  o.e.m.c.i.embedder.EclipseLogger - Using 'UTF-8' encoding to copy filtered resources.
2020-12-21 16:34:44,091 [Worker-77: Building] INFO  o.e.m.c.i.embedder.EclipseLogger - Copying 1 resource
2020-12-21 16:34:44,096 [Worker-77: Building] INFO  o.e.m.c.i.embedder.EclipseLogger - Using 'UTF-8' encoding to copy filtered resources.
2020-12-21 16:34:44,096 [Worker-77: Building] INFO  o.e.m.c.i.embedder.EclipseLogger - skip non existing resourceDirectory D:\bean\code\java\snimay_\snimay\src\test\resources
2020-12-21 16:34:51,456 [Worker-77: Building] INFO  o.e.m.c.i.embedder.EclipseLogger - Using 'UTF-8' encoding to copy filtered resources.
2020-12-21 16:34:51,457 [Worker-77: Building] INFO  o.e.m.c.i.embedder.EclipseLogger - Copying 1 resource
2020-12-21 16:34:51,461 [Worker-77: Building] INFO  o.e.m.c.i.embedder.EclipseLogger - Using 'UTF-8' encoding to copy filtered resources.
2020-12-21 16:34:51,461 [Worker-77: Building] INFO  o.e.m.c.i.embedder.EclipseLogger - skip non existing resourceDirectory D:\bean\code\java\snimay_\snimay\src\test\resources
2020-12-21 16:38:44,490 [Worker-95: Building] INFO  o.e.m.c.i.embedder.EclipseLogger - Using 'UTF-8' encoding to copy filtered resources.
2020-12-21 16:38:44,491 [Worker-95: Building] INFO  o.e.m.c.i.embedder.EclipseLogger - Copying 1 resource
2020-12-21 16:38:44,495 [Worker-95: Building] INFO  o.e.m.c.i.embedder.EclipseLogger - Using 'UTF-8' encoding to copy filtered resources.
2020-12-21 16:38:44,495 [Worker-95: Building] INFO  o.e.m.c.i.embedder.EclipseLogger - skip non existing resourceDirectory D:\bean\code\java\snimay_\snimay\src\test\resources
2020-12-21 16:38:51,003 [Worker-87: Building] INFO  o.e.m.c.i.embedder.EclipseLogger - Using 'UTF-8' encoding to copy filtered resources.
2020-12-21 16:38:51,004 [Worker-87: Building] INFO  o.e.m.c.i.embedder.EclipseLogger - Copying 1 resource
2020-12-21 16:38:51,008 [Worker-87: Building] INFO  o.e.m.c.i.embedder.EclipseLogger - Using 'UTF-8' encoding to copy filtered resources.
2020-12-21 16:38:51,008 [Worker-87: Building] INFO  o.e.m.c.i.embedder.EclipseLogger - skip non existing resourceDirectory D:\bean\code\java\snimay_\snimay\src\test\resources
2020-12-21 16:38:54,278 [Worker-92: Building] INFO  o.e.m.c.i.embedder.EclipseLogger - Using 'UTF-8' encoding to copy filtered resources.
2020-12-21 16:38:54,279 [Worker-92: Building] INFO  o.e.m.c.i.embedder.EclipseLogger - Copying 1 resource
2020-12-21 16:38:54,284 [Worker-92: Building] INFO  o.e.m.c.i.embedder.EclipseLogger - Using 'UTF-8' encoding to copy filtered resources.
2020-12-21 16:38:54,284 [Worker-92: Building] INFO  o.e.m.c.i.embedder.EclipseLogger - skip non existing resourceDirectory D:\bean\code\java\snimay_\snimay\src\test\resources
2020-12-21 16:38:58,775 [Worker-96: Building] INFO  o.e.m.c.i.embedder.EclipseLogger - Using 'UTF-8' encoding to copy filtered resources.
2020-12-21 16:38:58,775 [Worker-96: Building] INFO  o.e.m.c.i.embedder.EclipseLogger - Copying 1 resource
2020-12-21 16:38:58,781 [Worker-96: Building] INFO  o.e.m.c.i.embedder.EclipseLogger - Using 'UTF-8' encoding to copy filtered resources.
2020-12-21 16:38:58,781 [Worker-96: Building] INFO  o.e.m.c.i.embedder.EclipseLogger - skip non existing resourceDirectory D:\bean\code\java\snimay_\snimay\src\test\resources
2020-12-21 16:39:02,065 [Worker-72: Building] INFO  o.e.m.c.i.embedder.EclipseLogger - Using 'UTF-8' encoding to copy filtered resources.
2020-12-21 16:39:02,066 [Worker-72: Building] INFO  o.e.m.c.i.embedder.EclipseLogger - Copying 1 resource
2020-12-21 16:39:02,078 [Worker-72: Building] INFO  o.e.m.c.i.embedder.EclipseLogger - Using 'UTF-8' encoding to copy filtered resources.
2020-12-21 16:39:02,079 [Worker-72: Building] INFO  o.e.m.c.i.embedder.EclipseLogger - skip non existing resourceDirectory D:\bean\code\java\snimay_\snimay\src\test\resources
2020-12-21 16:40:23,027 [Worker-80: Building] INFO  o.e.m.c.i.embedder.EclipseLogger - Using 'UTF-8' encoding to copy filtered resources.
2020-12-21 16:40:23,213 [Worker-80: Building] INFO  o.e.m.c.i.embedder.EclipseLogger - Copying 7186 resources
2020-12-21 16:40:24,083 [Worker-80: Building] INFO  o.e.m.c.i.embedder.EclipseLogger - Using 'UTF-8' encoding to copy filtered resources.
2020-12-21 16:40:24,083 [Worker-80: Building] INFO  o.e.m.c.i.embedder.EclipseLogger - skip non existing resourceDirectory D:\bean\code\java\snimay_\snimay\src\test\resources
2020-12-21 16:40:26,090 [Worker-75: Building] INFO  o.e.m.c.i.embedder.EclipseLogger - Using 'UTF-8' encoding to copy filtered resources.
2020-12-21 16:40:26,245 [Worker-75: Building] INFO  o.e.m.c.i.embedder.EclipseLogger - Copying 7186 resources
2020-12-21 16:40:27,107 [Worker-75: Building] INFO  o.e.m.c.i.embedder.EclipseLogger - Using 'UTF-8' encoding to copy filtered resources.
2020-12-21 16:40:27,107 [Worker-75: Building] INFO  o.e.m.c.i.embedder.EclipseLogger - skip non existing resourceDirectory D:\bean\code\java\snimay_\snimay\src\test\resources
2020-12-21 16:42:31,298 [Worker-95: Building] INFO  o.e.m.c.i.embedder.EclipseLogger - Using 'UTF-8' encoding to copy filtered resources.
2020-12-21 16:42:31,298 [Worker-95: Building] INFO  o.e.m.c.i.embedder.EclipseLogger - Copying 1 resource
2020-12-21 16:42:31,301 [Worker-95: Building] INFO  o.e.m.c.i.embedder.EclipseLogger - Using 'UTF-8' encoding to copy filtered resources.
2020-12-21 16:42:31,302 [Worker-95: Building] INFO  o.e.m.c.i.embedder.EclipseLogger - skip non existing resourceDirectory D:\bean\code\java\snimay_\snimay\src\test\resources
2020-12-21 17:19:26,212 [Worker-97: Building] INFO  o.e.m.c.i.embedder.EclipseLogger - Using 'UTF-8' encoding to copy filtered resources.
2020-12-21 17:19:26,213 [Worker-97: Building] INFO  o.e.m.c.i.embedder.EclipseLogger - Copying 1 resource
2020-12-21 17:19:26,217 [Worker-97: Building] INFO  o.e.m.c.i.embedder.EclipseLogger - Using 'UTF-8' encoding to copy filtered resources.
2020-12-21 17:19:26,217 [Worker-97: Building] INFO  o.e.m.c.i.embedder.EclipseLogger - skip non existing resourceDirectory D:\bean\code\java\snimay_\snimay\src\test\resources
2020-12-21 17:41:47,561 [Worker-98: Building] INFO  o.e.m.c.i.embedder.EclipseLogger - Using 'UTF-8' encoding to copy filtered resources.
2020-12-21 17:41:47,744 [Worker-98: Building] INFO  o.e.m.c.i.embedder.EclipseLogger - Copying 7186 resources
2020-12-21 17:41:48,574 [Worker-98: Building] INFO  o.e.m.c.i.embedder.EclipseLogger - Using 'UTF-8' encoding to copy filtered resources.
2020-12-21 17:41:48,575 [Worker-98: Building] INFO  o.e.m.c.i.embedder.EclipseLogger - skip non existing resourceDirectory D:\bean\code\java\snimay_\snimay\src\test\resources
2020-12-21 17:43:14,714 [Worker-100: Building] INFO  o.e.m.c.i.embedder.EclipseLogger - Using 'UTF-8' encoding to copy filtered resources.
2020-12-21 17:43:14,866 [Worker-100: Building] INFO  o.e.m.c.i.embedder.EclipseLogger - Copying 7186 resources
2020-12-21 17:43:15,734 [Worker-100: Building] INFO  o.e.m.c.i.embedder.EclipseLogger - Using 'UTF-8' encoding to copy filtered resources.
2020-12-21 17:43:15,734 [Worker-100: Building] INFO  o.e.m.c.i.embedder.EclipseLogger - skip non existing resourceDirectory D:\bean\code\java\snimay_\snimay\src\test\resources
2020-12-21 17:43:36,036 [Worker-100: Building] INFO  o.e.m.c.i.embedder.EclipseLogger - Using 'UTF-8' encoding to copy filtered resources.
2020-12-21 17:43:36,197 [Worker-100: Building] INFO  o.e.m.c.i.embedder.EclipseLogger - Copying 7186 resources
2020-12-21 17:43:37,039 [Worker-100: Building] INFO  o.e.m.c.i.embedder.EclipseLogger - Using 'UTF-8' encoding to copy filtered resources.
2020-12-21 17:43:37,039 [Worker-100: Building] INFO  o.e.m.c.i.embedder.EclipseLogger - skip non existing resourceDirectory D:\bean\code\java\snimay_\snimay\src\test\resources
2020-12-21 17:43:44,280 [Worker-104: Building] INFO  o.e.m.c.i.embedder.EclipseLogger - Using 'UTF-8' encoding to copy filtered resources.
2020-12-21 17:43:44,444 [Worker-104: Building] INFO  o.e.m.c.i.embedder.EclipseLogger - Copying 7186 resources
2020-12-21 17:43:45,295 [Worker-104: Building] INFO  o.e.m.c.i.embedder.EclipseLogger - Using 'UTF-8' encoding to copy filtered resources.
2020-12-21 17:43:45,295 [Worker-104: Building] INFO  o.e.m.c.i.embedder.EclipseLogger - skip non existing resourceDirectory D:\bean\code\java\snimay_\snimay\src\test\resources
2020-12-21 17:43:47,268 [Worker-104: Building] INFO  o.e.m.c.i.embedder.EclipseLogger - Using 'UTF-8' encoding to copy filtered resources.
2020-12-21 17:43:47,418 [Worker-104: Building] INFO  o.e.m.c.i.embedder.EclipseLogger - Copying 7186 resources
2020-12-21 17:43:48,260 [Worker-104: Building] INFO  o.e.m.c.i.embedder.EclipseLogger - Using 'UTF-8' encoding to copy filtered resources.
2020-12-21 17:43:48,260 [Worker-104: Building] INFO  o.e.m.c.i.embedder.EclipseLogger - skip non existing resourceDirectory D:\bean\code\java\snimay_\snimay\src\test\resources
2020-12-21 17:43:56,184 [Worker-98: Building] INFO  o.e.m.c.i.embedder.EclipseLogger - Using 'UTF-8' encoding to copy filtered resources.
2020-12-21 17:43:56,345 [Worker-98: Building] INFO  o.e.m.c.i.embedder.EclipseLogger - Copying 7186 resources
2020-12-21 17:43:57,178 [Worker-98: Building] INFO  o.e.m.c.i.embedder.EclipseLogger - Using 'UTF-8' encoding to copy filtered resources.
2020-12-21 17:43:57,178 [Worker-98: Building] INFO  o.e.m.c.i.embedder.EclipseLogger - skip non existing resourceDirectory D:\bean\code\java\snimay_\snimay\src\test\resources
2020-12-21 17:44:37,127 [Worker-98: Building] INFO  o.e.m.c.i.embedder.EclipseLogger - Using 'UTF-8' encoding to copy filtered resources.
2020-12-21 17:44:37,277 [Worker-98: Building] INFO  o.e.m.c.i.embedder.EclipseLogger - Copying 7186 resources
2020-12-21 17:44:38,117 [Worker-98: Building] INFO  o.e.m.c.i.embedder.EclipseLogger - Using 'UTF-8' encoding to copy filtered resources.
2020-12-21 17:44:38,118 [Worker-98: Building] INFO  o.e.m.c.i.embedder.EclipseLogger - skip non existing resourceDirectory D:\bean\code\java\snimay_\snimay\src\test\resources
2020-12-21 17:46:01,186 [Worker-108: Building] INFO  o.e.m.c.i.embedder.EclipseLogger - Using 'UTF-8' encoding to copy filtered resources.
2020-12-21 17:46:01,346 [Worker-108: Building] INFO  o.e.m.c.i.embedder.EclipseLogger - Copying 7186 resources
2020-12-21 17:46:02,170 [Worker-108: Building] INFO  o.e.m.c.i.embedder.EclipseLogger - Using 'UTF-8' encoding to copy filtered resources.
2020-12-21 17:46:02,171 [Worker-108: Building] INFO  o.e.m.c.i.embedder.EclipseLogger - skip non existing resourceDirectory D:\bean\code\java\snimay_\snimay\src\test\resources
2020-12-21 17:46:16,895 [Worker-106: Building] INFO  o.e.m.c.i.embedder.EclipseLogger - Using 'UTF-8' encoding to copy filtered resources.
2020-12-21 17:46:17,069 [Worker-106: Building] INFO  o.e.m.c.i.embedder.EclipseLogger - Copying 7186 resources
2020-12-21 17:46:17,906 [Worker-106: Building] INFO  o.e.m.c.i.embedder.EclipseLogger - Using 'UTF-8' encoding to copy filtered resources.
2020-12-21 17:46:17,906 [Worker-106: Building] INFO  o.e.m.c.i.embedder.EclipseLogger - skip non existing resourceDirectory D:\bean\code\java\snimay_\snimay\src\test\resources
2020-12-21 17:46:37,567 [Worker-108: Building] INFO  o.e.m.c.i.embedder.EclipseLogger - Using 'UTF-8' encoding to copy filtered resources.
2020-12-21 17:46:37,727 [Worker-108: Building] INFO  o.e.m.c.i.embedder.EclipseLogger - Copying 7186 resources
2020-12-21 17:46:38,555 [Worker-108: Building] INFO  o.e.m.c.i.embedder.EclipseLogger - Using 'UTF-8' encoding to copy filtered resources.
2020-12-21 17:46:38,555 [Worker-108: Building] INFO  o.e.m.c.i.embedder.EclipseLogger - skip non existing resourceDirectory D:\bean\code\java\snimay_\snimay\src\test\resources
2020-12-21 17:47:02,674 [Worker-98: Building] INFO  o.e.m.c.i.embedder.EclipseLogger - Using 'UTF-8' encoding to copy filtered resources.
2020-12-21 17:47:02,832 [Worker-98: Building] INFO  o.e.m.c.i.embedder.EclipseLogger - Copying 7186 resources
2020-12-21 17:47:03,649 [Worker-98: Building] INFO  o.e.m.c.i.embedder.EclipseLogger - Using 'UTF-8' encoding to copy filtered resources.
2020-12-21 17:47:03,649 [Worker-98: Building] INFO  o.e.m.c.i.embedder.EclipseLogger - skip non existing resourceDirectory D:\bean\code\java\snimay_\snimay\src\test\resources
2020-12-21 17:49:10,376 [Worker-111: Building] INFO  o.e.m.c.i.embedder.EclipseLogger - Using 'UTF-8' encoding to copy filtered resources.
2020-12-21 17:49:10,534 [Worker-111: Building] INFO  o.e.m.c.i.embedder.EclipseLogger - Copying 7186 resources
2020-12-21 17:49:11,365 [Worker-111: Building] INFO  o.e.m.c.i.embedder.EclipseLogger - Using 'UTF-8' encoding to copy filtered resources.
2020-12-21 17:49:11,365 [Worker-111: Building] INFO  o.e.m.c.i.embedder.EclipseLogger - skip non existing resourceDirectory D:\bean\code\java\snimay_\snimay\src\test\resources
2020-12-21 17:49:19,839 [Worker-118: Building] INFO  o.e.m.c.i.embedder.EclipseLogger - Using 'UTF-8' encoding to copy filtered resources.
2020-12-21 17:49:20,009 [Worker-118: Building] INFO  o.e.m.c.i.embedder.EclipseLogger - Copying 7186 resources
2020-12-21 17:49:20,822 [Worker-118: Building] INFO  o.e.m.c.i.embedder.EclipseLogger - Using 'UTF-8' encoding to copy filtered resources.
2020-12-21 17:49:20,822 [Worker-118: Building] INFO  o.e.m.c.i.embedder.EclipseLogger - skip non existing resourceDirectory D:\bean\code\java\snimay_\snimay\src\test\resources
2020-12-21 17:49:49,290 [Worker-114: Building] INFO  o.e.m.c.i.embedder.EclipseLogger - Using 'UTF-8' encoding to copy filtered resources.
2020-12-21 17:49:49,448 [Worker-114: Building] INFO  o.e.m.c.i.embedder.EclipseLogger - Copying 7186 resources
2020-12-21 17:49:50,285 [Worker-114: Building] INFO  o.e.m.c.i.embedder.EclipseLogger - Using 'UTF-8' encoding to copy filtered resources.
2020-12-21 17:49:50,285 [Worker-114: Building] INFO  o.e.m.c.i.embedder.EclipseLogger - skip non existing resourceDirectory D:\bean\code\java\snimay_\snimay\src\test\resources
2020-12-21 17:49:52,316 [Worker-107: Building] INFO  o.e.m.c.i.embedder.EclipseLogger - Using 'UTF-8' encoding to copy filtered resources.
2020-12-21 17:49:52,475 [Worker-107: Building] INFO  o.e.m.c.i.embedder.EclipseLogger - Copying 7186 resources
2020-12-21 17:49:53,317 [Worker-107: Building] INFO  o.e.m.c.i.embedder.EclipseLogger - Using 'UTF-8' encoding to copy filtered resources.
2020-12-21 17:49:53,318 [Worker-107: Building] INFO  o.e.m.c.i.embedder.EclipseLogger - skip non existing resourceDirectory D:\bean\code\java\snimay_\snimay\src\test\resources
2020-12-21 17:51:18,564 [Worker-113: Building] INFO  o.e.m.c.i.embedder.EclipseLogger - Using 'UTF-8' encoding to copy filtered resources.
2020-12-21 17:51:18,727 [Worker-113: Building] INFO  o.e.m.c.i.embedder.EclipseLogger - Copying 7186 resources
2020-12-21 17:51:19,533 [Worker-113: Building] INFO  o.e.m.c.i.embedder.EclipseLogger - Using 'UTF-8' encoding to copy filtered resources.
2020-12-21 17:51:19,533 [Worker-113: Building] INFO  o.e.m.c.i.embedder.EclipseLogger - skip non existing resourceDirectory D:\bean\code\java\snimay_\snimay\src\test\resources
2020-12-21 17:51:22,828 [Worker-113: Building] INFO  o.e.m.c.i.embedder.EclipseLogger - Using 'UTF-8' encoding to copy filtered resources.
2020-12-21 17:51:23,007 [Worker-113: Building] INFO  o.e.m.c.i.embedder.EclipseLogger - Copying 7186 resources
2020-12-21 17:51:23,838 [Worker-113: Building] INFO  o.e.m.c.i.embedder.EclipseLogger - Using 'UTF-8' encoding to copy filtered resources.
2020-12-21 17:51:23,838 [Worker-113: Building] INFO  o.e.m.c.i.embedder.EclipseLogger - skip non existing resourceDirectory D:\bean\code\java\snimay_\snimay\src\test\resources
2020-12-21 17:52:38,258 [Worker-117: Building] INFO  o.e.m.c.i.embedder.EclipseLogger - Using 'UTF-8' encoding to copy filtered resources.
2020-12-21 17:52:38,420 [Worker-117: Building] INFO  o.e.m.c.i.embedder.EclipseLogger - Copying 7186 resources
2020-12-21 17:52:39,248 [Worker-117: Building] INFO  o.e.m.c.i.embedder.EclipseLogger - Using 'UTF-8' encoding to copy filtered resources.
2020-12-21 17:52:39,248 [Worker-117: Building] INFO  o.e.m.c.i.embedder.EclipseLogger - skip non existing resourceDirectory D:\bean\code\java\snimay_\snimay\src\test\resources
2020-12-21 17:52:48,217 [Worker-118: Building] INFO  o.e.m.c.i.embedder.EclipseLogger - Using 'UTF-8' encoding to copy filtered resources.
2020-12-21 17:52:48,362 [Worker-118: Building] INFO  o.e.m.c.i.embedder.EclipseLogger - Copying 7186 resources
2020-12-21 17:52:49,180 [Worker-118: Building] INFO  o.e.m.c.i.embedder.EclipseLogger - Using 'UTF-8' encoding to copy filtered resources.
2020-12-21 17:52:49,180 [Worker-118: Building] INFO  o.e.m.c.i.embedder.EclipseLogger - skip non existing resourceDirectory D:\bean\code\java\snimay_\snimay\src\test\resources
2020-12-21 17:53:33,166 [Worker-117: Building] INFO  o.e.m.c.i.embedder.EclipseLogger - Using 'UTF-8' encoding to copy filtered resources.
2020-12-21 17:53:33,325 [Worker-117: Building] INFO  o.e.m.c.i.embedder.EclipseLogger - Copying 7186 resources
2020-12-21 17:53:34,153 [Worker-117: Building] INFO  o.e.m.c.i.embedder.EclipseLogger - Using 'UTF-8' encoding to copy filtered resources.
2020-12-21 17:53:34,153 [Worker-117: Building] INFO  o.e.m.c.i.embedder.EclipseLogger - skip non existing resourceDirectory D:\bean\code\java\snimay_\snimay\src\test\resources
2020-12-21 17:58:53,848 [Worker-104: Building] INFO  o.e.m.c.i.embedder.EclipseLogger - Using 'UTF-8' encoding to copy filtered resources.
2020-12-21 17:58:54,008 [Worker-104: Building] INFO  o.e.m.c.i.embedder.EclipseLogger - Copying 7186 resources
2020-12-21 17:58:54,826 [Worker-104: Building] INFO  o.e.m.c.i.embedder.EclipseLogger - Using 'UTF-8' encoding to copy filtered resources.
2020-12-21 17:58:54,826 [Worker-104: Building] INFO  o.e.m.c.i.embedder.EclipseLogger - skip non existing resourceDirectory D:\bean\code\java\snimay_\snimay\src\test\resources
2020-12-21 17:58:56,840 [Worker-121: Building] INFO  o.e.m.c.i.embedder.EclipseLogger - Using 'UTF-8' encoding to copy filtered resources.
2020-12-21 17:58:56,992 [Worker-121: Building] INFO  o.e.m.c.i.embedder.EclipseLogger - Copying 7186 resources
2020-12-21 17:58:57,816 [Worker-121: Building] INFO  o.e.m.c.i.embedder.EclipseLogger - Using 'UTF-8' encoding to copy filtered resources.
2020-12-21 17:58:57,816 [Worker-121: Building] INFO  o.e.m.c.i.embedder.EclipseLogger - skip non existing resourceDirectory D:\bean\code\java\snimay_\snimay\src\test\resources
2020-12-21 17:59:24,292 [Worker-104: Building] INFO  o.e.m.c.i.embedder.EclipseLogger - Using 'UTF-8' encoding to copy filtered resources.
2020-12-21 17:59:24,452 [Worker-104: Building] INFO  o.e.m.c.i.embedder.EclipseLogger - Copying 7186 resources
2020-12-21 17:59:25,273 [Worker-104: Building] INFO  o.e.m.c.i.embedder.EclipseLogger - Using 'UTF-8' encoding to copy filtered resources.
2020-12-21 17:59:25,273 [Worker-104: Building] INFO  o.e.m.c.i.embedder.EclipseLogger - skip non existing resourceDirectory D:\bean\code\java\snimay_\snimay\src\test\resources
2020-12-21 17:59:27,224 [Worker-104: Building] INFO  o.e.m.c.i.embedder.EclipseLogger - Using 'UTF-8' encoding to copy filtered resources.
2020-12-21 17:59:27,373 [Worker-104: Building] INFO  o.e.m.c.i.embedder.EclipseLogger - Copying 7186 resources
2020-12-21 17:59:28,187 [Worker-104: Building] INFO  o.e.m.c.i.embedder.EclipseLogger - Using 'UTF-8' encoding to copy filtered resources.
2020-12-21 17:59:28,188 [Worker-104: Building] INFO  o.e.m.c.i.embedder.EclipseLogger - skip non existing resourceDirectory D:\bean\code\java\snimay_\snimay\src\test\resources
2020-12-21 17:59:53,591 [Worker-104: Building] INFO  o.e.m.c.i.embedder.EclipseLogger - Using 'UTF-8' encoding to copy filtered resources.
2020-12-21 17:59:53,749 [Worker-104: Building] INFO  o.e.m.c.i.embedder.EclipseLogger - Copying 7186 resources
2020-12-21 17:59:54,575 [Worker-104: Building] INFO  o.e.m.c.i.embedder.EclipseLogger - Using 'UTF-8' encoding to copy filtered resources.
2020-12-21 17:59:54,575 [Worker-104: Building] INFO  o.e.m.c.i.embedder.EclipseLogger - skip non existing resourceDirectory D:\bean\code\java\snimay_\snimay\src\test\resources
2020-12-21 18:00:02,597 [Worker-120: Building] INFO  o.e.m.c.i.embedder.EclipseLogger - Using 'UTF-8' encoding to copy filtered resources.
2020-12-21 18:00:02,756 [Worker-120: Building] INFO  o.e.m.c.i.embedder.EclipseLogger - Copying 7186 resources
2020-12-21 18:00:03,586 [Worker-120: Building] INFO  o.e.m.c.i.embedder.EclipseLogger - Using 'UTF-8' encoding to copy filtered resources.
2020-12-21 18:00:03,586 [Worker-120: Building] INFO  o.e.m.c.i.embedder.EclipseLogger - skip non existing resourceDirectory D:\bean\code\java\snimay_\snimay\src\test\resources
2020-12-21 18:00:05,558 [Worker-121: Building] INFO  o.e.m.c.i.embedder.EclipseLogger - Using 'UTF-8' encoding to copy filtered resources.
2020-12-21 18:00:05,710 [Worker-121: Building] INFO  o.e.m.c.i.embedder.EclipseLogger - Copying 7186 resources
2020-12-21 18:00:06,555 [Worker-121: Building] INFO  o.e.m.c.i.embedder.EclipseLogger - Using 'UTF-8' encoding to copy filtered resources.
2020-12-21 18:00:06,555 [Worker-121: Building] INFO  o.e.m.c.i.embedder.EclipseLogger - skip non existing resourceDirectory D:\bean\code\java\snimay_\snimay\src\test\resources
2020-12-21 18:00:12,380 [Worker-121: Building] INFO  o.e.m.c.i.embedder.EclipseLogger - Using 'UTF-8' encoding to copy filtered resources.
2020-12-21 18:00:12,539 [Worker-121: Building] INFO  o.e.m.c.i.embedder.EclipseLogger - Copying 7186 resources
2020-12-21 18:00:13,367 [Worker-121: Building] INFO  o.e.m.c.i.embedder.EclipseLogger - Using 'UTF-8' encoding to copy filtered resources.
2020-12-21 18:00:13,367 [Worker-121: Building] INFO  o.e.m.c.i.embedder.EclipseLogger - skip non existing resourceDirectory D:\bean\code\java\snimay_\snimay\src\test\resources
2020-12-21 18:00:25,981 [Worker-121: Building] INFO  o.e.m.c.i.embedder.EclipseLogger - Using 'UTF-8' encoding to copy filtered resources.
2020-12-21 18:00:26,140 [Worker-121: Building] INFO  o.e.m.c.i.embedder.EclipseLogger - Copying 7186 resources
2020-12-21 18:00:26,972 [Worker-121: Building] INFO  o.e.m.c.i.embedder.EclipseLogger - Using 'UTF-8' encoding to copy filtered resources.
2020-12-21 18:00:26,972 [Worker-121: Building] INFO  o.e.m.c.i.embedder.EclipseLogger - skip non existing resourceDirectory D:\bean\code\java\snimay_\snimay\src\test\resources
2020-12-21 18:00:39,151 [Worker-119: Building] INFO  o.e.m.c.i.embedder.EclipseLogger - Using 'UTF-8' encoding to copy filtered resources.
2020-12-21 18:00:39,311 [Worker-119: Building] INFO  o.e.m.c.i.embedder.EclipseLogger - Copying 7186 resources
2020-12-21 18:00:40,154 [Worker-119: Building] INFO  o.e.m.c.i.embedder.EclipseLogger - Using 'UTF-8' encoding to copy filtered resources.
2020-12-21 18:00:40,154 [Worker-119: Building] INFO  o.e.m.c.i.embedder.EclipseLogger - skip non existing resourceDirectory D:\bean\code\java\snimay_\snimay\src\test\resources
2020-12-21 18:00:45,564 [Worker-112: Building] INFO  o.e.m.c.i.embedder.EclipseLogger - Using 'UTF-8' encoding to copy filtered resources.
2020-12-21 18:00:45,725 [Worker-112: Building] INFO  o.e.m.c.i.embedder.EclipseLogger - Copying 7186 resources
2020-12-21 18:00:46,559 [Worker-112: Building] INFO  o.e.m.c.i.embedder.EclipseLogger - Using 'UTF-8' encoding to copy filtered resources.
2020-12-21 18:00:46,559 [Worker-112: Building] INFO  o.e.m.c.i.embedder.EclipseLogger - skip non existing resourceDirectory D:\bean\code\java\snimay_\snimay\src\test\resources
2020-12-21 18:00:48,557 [Worker-120: Building] INFO  o.e.m.c.i.embedder.EclipseLogger - Using 'UTF-8' encoding to copy filtered resources.
2020-12-21 18:00:48,707 [Worker-120: Building] INFO  o.e.m.c.i.embedder.EclipseLogger - Copying 7186 resources
2020-12-21 18:00:49,524 [Worker-120: Building] INFO  o.e.m.c.i.embedder.EclipseLogger - Using 'UTF-8' encoding to copy filtered resources.
2020-12-21 18:00:49,524 [Worker-120: Building] INFO  o.e.m.c.i.embedder.EclipseLogger - skip non existing resourceDirectory D:\bean\code\java\snimay_\snimay\src\test\resources
2020-12-21 20:12:30,001 [Worker-5: Loading available Gradle versions] INFO  o.e.b.c.i.u.g.PublishedGradleVersions - Gradle version information cache is out-of-date. Trying to update.
2020-12-21 20:37:03,362 [Worker-32: Building] INFO  o.e.m.c.i.embedder.EclipseLogger - Using 'UTF-8' encoding to copy filtered resources.
2020-12-21 20:37:03,433 [Worker-32: Building] INFO  o.e.m.c.i.embedder.EclipseLogger - Copying 7186 resources
2020-12-21 20:37:04,544 [Worker-32: Building] INFO  o.e.m.c.i.embedder.EclipseLogger - Using 'UTF-8' encoding to copy filtered resources.
2020-12-21 20:37:04,544 [Worker-32: Building] INFO  o.e.m.c.i.embedder.EclipseLogger - skip non existing resourceDirectory D:\bean\code\java\snimay_\snimay\src\test\resources
2020-12-21 20:46:48,474 [Worker-45: Building] INFO  o.e.m.c.i.embedder.EclipseLogger - Using 'UTF-8' encoding to copy filtered resources.
2020-12-21 20:46:48,843 [Worker-45: Building] INFO  o.e.m.c.i.embedder.EclipseLogger - Copying 7186 resources
2020-12-21 20:46:49,881 [Worker-45: Building] INFO  o.e.m.c.i.embedder.EclipseLogger - Using 'UTF-8' encoding to copy filtered resources.
2020-12-21 20:46:49,881 [Worker-45: Building] INFO  o.e.m.c.i.embedder.EclipseLogger - skip non existing resourceDirectory D:\bean\code\java\snimay_\snimay\src\test\resources
2020-12-21 20:46:56,446 [Worker-44: Building] INFO  o.e.m.c.i.embedder.EclipseLogger - Using 'UTF-8' encoding to copy filtered resources.
2020-12-21 20:46:56,615 [Worker-44: Building] INFO  o.e.m.c.i.embedder.EclipseLogger - Copying 7186 resources
2020-12-21 20:46:57,535 [Worker-44: Building] INFO  o.e.m.c.i.embedder.EclipseLogger - Using 'UTF-8' encoding to copy filtered resources.
2020-12-21 20:46:57,536 [Worker-44: Building] INFO  o.e.m.c.i.embedder.EclipseLogger - skip non existing resourceDirectory D:\bean\code\java\snimay_\snimay\src\test\resources
2020-12-21 20:47:03,711 [Worker-43: Building] INFO  o.e.m.c.i.embedder.EclipseLogger - Using 'UTF-8' encoding to copy filtered resources.
2020-12-21 20:47:03,884 [Worker-43: Building] INFO  o.e.m.c.i.embedder.EclipseLogger - Copying 7186 resources
2020-12-21 20:47:04,820 [Worker-43: Building] INFO  o.e.m.c.i.embedder.EclipseLogger - Using 'UTF-8' encoding to copy filtered resources.
2020-12-21 20:47:04,820 [Worker-43: Building] INFO  o.e.m.c.i.embedder.EclipseLogger - skip non existing resourceDirectory D:\bean\code\java\snimay_\snimay\src\test\resources
2020-12-21 20:47:14,621 [Worker-36: Building] INFO  o.e.m.c.i.embedder.EclipseLogger - Using 'UTF-8' encoding to copy filtered resources.
2020-12-21 20:47:14,792 [Worker-36: Building] INFO  o.e.m.c.i.embedder.EclipseLogger - Copying 7186 resources
2020-12-21 20:47:15,724 [Worker-36: Building] INFO  o.e.m.c.i.embedder.EclipseLogger - Using 'UTF-8' encoding to copy filtered resources.
2020-12-21 20:47:15,724 [Worker-36: Building] INFO  o.e.m.c.i.embedder.EclipseLogger - skip non existing resourceDirectory D:\bean\code\java\snimay_\snimay\src\test\resources
2020-12-21 21:02:19,964 [Worker-57: Building] INFO  o.e.m.c.i.embedder.EclipseLogger - Using 'UTF-8' encoding to copy filtered resources.
2020-12-21 21:02:20,222 [Worker-57: Building] INFO  o.e.m.c.i.embedder.EclipseLogger - Copying 7186 resources
2020-12-21 21:02:21,343 [Worker-57: Building] INFO  o.e.m.c.i.embedder.EclipseLogger - Using 'UTF-8' encoding to copy filtered resources.
2020-12-21 21:02:21,343 [Worker-57: Building] INFO  o.e.m.c.i.embedder.EclipseLogger - skip non existing resourceDirectory D:\bean\code\java\snimay_\snimay\src\test\resources
2020-12-21 21:02:40,627 [Worker-48: Building] INFO  o.e.m.c.i.embedder.EclipseLogger - Using 'UTF-8' encoding to copy filtered resources.
2020-12-21 21:02:40,796 [Worker-48: Building] INFO  o.e.m.c.i.embedder.EclipseLogger - Copying 7186 resources
2020-12-21 21:02:41,724 [Worker-48: Building] INFO  o.e.m.c.i.embedder.EclipseLogger - Using 'UTF-8' encoding to copy filtered resources.
2020-12-21 21:02:41,725 [Worker-48: Building] INFO  o.e.m.c.i.embedder.EclipseLogger - skip non existing resourceDirectory D:\bean\code\java\snimay_\snimay\src\test\resources
2020-12-21 21:07:54,012 [Worker-55: Building] INFO  o.e.m.c.i.embedder.EclipseLogger - Using 'UTF-8' encoding to copy filtered resources.
2020-12-21 21:07:54,253 [Worker-55: Building] INFO  o.e.m.c.i.embedder.EclipseLogger - Copying 7186 resources
2020-12-21 21:07:55,337 [Worker-55: Building] INFO  o.e.m.c.i.embedder.EclipseLogger - Using 'UTF-8' encoding to copy filtered resources.
2020-12-21 21:07:55,337 [Worker-55: Building] INFO  o.e.m.c.i.embedder.EclipseLogger - skip non existing resourceDirectory D:\bean\code\java\snimay_\snimay\src\test\resources
2020-12-21 21:07:59,535 [Worker-43: Building] INFO  o.e.m.c.i.embedder.EclipseLogger - Using 'UTF-8' encoding to copy filtered resources.
2020-12-21 21:07:59,702 [Worker-43: Building] INFO  o.e.m.c.i.embedder.EclipseLogger - Copying 7186 resources
2020-12-21 21:08:00,625 [Worker-43: Building] INFO  o.e.m.c.i.embedder.EclipseLogger - Using 'UTF-8' encoding to copy filtered resources.
2020-12-21 21:08:00,625 [Worker-43: Building] INFO  o.e.m.c.i.embedder.EclipseLogger - skip non existing resourceDirectory D:\bean\code\java\snimay_\snimay\src\test\resources
2020-12-21 21:08:18,352 [Worker-43: Building] INFO  o.e.m.c.i.embedder.EclipseLogger - Using 'UTF-8' encoding to copy filtered resources.
2020-12-21 21:08:18,526 [Worker-43: Building] INFO  o.e.m.c.i.embedder.EclipseLogger - Copying 7186 resources
2020-12-21 21:08:19,461 [Worker-43: Building] INFO  o.e.m.c.i.embedder.EclipseLogger - Using 'UTF-8' encoding to copy filtered resources.
2020-12-21 21:08:19,461 [Worker-43: Building] INFO  o.e.m.c.i.embedder.EclipseLogger - skip non existing resourceDirectory D:\bean\code\java\snimay_\snimay\src\test\resources
2020-12-21 21:08:32,329 [Worker-63: Building] INFO  o.e.m.c.i.embedder.EclipseLogger - Using 'UTF-8' encoding to copy filtered resources.
2020-12-21 21:08:32,501 [Worker-63: Building] INFO  o.e.m.c.i.embedder.EclipseLogger - Copying 7186 resources
2020-12-21 21:08:33,429 [Worker-63: Building] INFO  o.e.m.c.i.embedder.EclipseLogger - Using 'UTF-8' encoding to copy filtered resources.
2020-12-21 21:08:33,429 [Worker-63: Building] INFO  o.e.m.c.i.embedder.EclipseLogger - skip non existing resourceDirectory D:\bean\code\java\snimay_\snimay\src\test\resources
2020-12-21 21:10:23,643 [Worker-65: Building] INFO  o.e.m.c.i.embedder.EclipseLogger - Using 'UTF-8' encoding to copy filtered resources.
2020-12-21 21:10:23,814 [Worker-65: Building] INFO  o.e.m.c.i.embedder.EclipseLogger - Copying 7186 resources
2020-12-21 21:10:24,735 [Worker-65: Building] INFO  o.e.m.c.i.embedder.EclipseLogger - Using 'UTF-8' encoding to copy filtered resources.
2020-12-21 21:10:24,735 [Worker-65: Building] INFO  o.e.m.c.i.embedder.EclipseLogger - skip non existing resourceDirectory D:\bean\code\java\snimay_\snimay\src\test\resources
2020-12-21 21:11:07,731 [Worker-62: Building] INFO  o.e.m.c.i.embedder.EclipseLogger - Using 'UTF-8' encoding to copy filtered resources.
2020-12-21 21:11:07,920 [Worker-62: Building] INFO  o.e.m.c.i.embedder.EclipseLogger - Copying 7186 resources
2020-12-21 21:11:08,861 [Worker-62: Building] INFO  o.e.m.c.i.embedder.EclipseLogger - Using 'UTF-8' encoding to copy filtered resources.
2020-12-21 21:11:08,861 [Worker-62: Building] INFO  o.e.m.c.i.embedder.EclipseLogger - skip non existing resourceDirectory D:\bean\code\java\snimay_\snimay\src\test\resources
2020-12-21 21:11:13,334 [Worker-66: Building] INFO  o.e.m.c.i.embedder.EclipseLogger - Using 'UTF-8' encoding to copy filtered resources.
2020-12-21 21:11:13,508 [Worker-66: Building] INFO  o.e.m.c.i.embedder.EclipseLogger - Copying 7186 resources
2020-12-21 21:11:14,424 [Worker-66: Building] INFO  o.e.m.c.i.embedder.EclipseLogger - Using 'UTF-8' encoding to copy filtered resources.
2020-12-21 21:11:14,424 [Worker-66: Building] INFO  o.e.m.c.i.embedder.EclipseLogger - skip non existing resourceDirectory D:\bean\code\java\snimay_\snimay\src\test\resources
2020-12-21 21:13:06,611 [Worker-65: Building] INFO  o.e.m.c.i.embedder.EclipseLogger - Using 'UTF-8' encoding to copy filtered resources.
2020-12-21 21:13:06,779 [Worker-65: Building] INFO  o.e.m.c.i.embedder.EclipseLogger - Copying 7186 resources
2020-12-21 21:13:07,715 [Worker-65: Building] INFO  o.e.m.c.i.embedder.EclipseLogger - Using 'UTF-8' encoding to copy filtered resources.
2020-12-21 21:13:07,715 [Worker-65: Building] INFO  o.e.m.c.i.embedder.EclipseLogger - skip non existing resourceDirectory D:\bean\code\java\snimay_\snimay\src\test\resources
2020-12-21 21:13:10,886 [Worker-64: Building] INFO  o.e.m.c.i.embedder.EclipseLogger - Using 'UTF-8' encoding to copy filtered resources.
2020-12-21 21:13:11,055 [Worker-64: Building] INFO  o.e.m.c.i.embedder.EclipseLogger - Copying 7186 resources
2020-12-21 21:13:11,968 [Worker-64: Building] INFO  o.e.m.c.i.embedder.EclipseLogger - Using 'UTF-8' encoding to copy filtered resources.
2020-12-21 21:13:11,969 [Worker-64: Building] INFO  o.e.m.c.i.embedder.EclipseLogger - skip non existing resourceDirectory D:\bean\code\java\snimay_\snimay\src\test\resources
2020-12-21 21:13:48,339 [Worker-62: Building] INFO  o.e.m.c.i.embedder.EclipseLogger - Using 'UTF-8' encoding to copy filtered resources.
2020-12-21 21:13:48,508 [Worker-62: Building] INFO  o.e.m.c.i.embedder.EclipseLogger - Copying 7186 resources
2020-12-21 21:13:49,413 [Worker-62: Building] INFO  o.e.m.c.i.embedder.EclipseLogger - Using 'UTF-8' encoding to copy filtered resources.
2020-12-21 21:13:49,413 [Worker-62: Building] INFO  o.e.m.c.i.embedder.EclipseLogger - skip non existing resourceDirectory D:\bean\code\java\snimay_\snimay\src\test\resources
2020-12-21 21:13:51,920 [Worker-68: Building] INFO  o.e.m.c.i.embedder.EclipseLogger - Using 'UTF-8' encoding to copy filtered resources.
2020-12-21 21:13:52,092 [Worker-68: Building] INFO  o.e.m.c.i.embedder.EclipseLogger - Copying 7186 resources
2020-12-21 21:13:52,995 [Worker-68: Building] INFO  o.e.m.c.i.embedder.EclipseLogger - Using 'UTF-8' encoding to copy filtered resources.
2020-12-21 21:13:52,996 [Worker-68: Building] INFO  o.e.m.c.i.embedder.EclipseLogger - skip non existing resourceDirectory D:\bean\code\java\snimay_\snimay\src\test\resources
2020-12-21 21:17:29,909 [Worker-69: Building] INFO  o.e.m.c.i.embedder.EclipseLogger - Using 'UTF-8' encoding to copy filtered resources.
2020-12-21 21:17:30,061 [Worker-69: Building] INFO  o.e.m.c.i.embedder.EclipseLogger - Copying 7186 resources
2020-12-21 21:17:30,876 [Worker-69: Building] INFO  o.e.m.c.i.embedder.EclipseLogger - Using 'UTF-8' encoding to copy filtered resources.
2020-12-21 21:17:30,876 [Worker-69: Building] INFO  o.e.m.c.i.embedder.EclipseLogger - skip non existing resourceDirectory D:\bean\code\java\snimay_\snimay\src\test\resources
2020-12-21 21:17:49,770 [Worker-67: Building] INFO  o.e.m.c.i.embedder.EclipseLogger - Using 'UTF-8' encoding to copy filtered resources.
2020-12-21 21:17:49,922 [Worker-67: Building] INFO  o.e.m.c.i.embedder.EclipseLogger - Copying 7186 resources
2020-12-21 21:17:50,754 [Worker-67: Building] INFO  o.e.m.c.i.embedder.EclipseLogger - Using 'UTF-8' encoding to copy filtered resources.
2020-12-21 21:17:50,754 [Worker-67: Building] INFO  o.e.m.c.i.embedder.EclipseLogger - skip non existing resourceDirectory D:\bean\code\java\snimay_\snimay\src\test\resources
2020-12-21 21:18:03,594 [Worker-67: Building] INFO  o.e.m.c.i.embedder.EclipseLogger - Using 'UTF-8' encoding to copy filtered resources.
2020-12-21 21:18:03,759 [Worker-67: Building] INFO  o.e.m.c.i.embedder.EclipseLogger - Copying 7186 resources
2020-12-21 21:18:04,559 [Worker-67: Building] INFO  o.e.m.c.i.embedder.EclipseLogger - Using 'UTF-8' encoding to copy filtered resources.
2020-12-21 21:18:04,559 [Worker-67: Building] INFO  o.e.m.c.i.embedder.EclipseLogger - skip non existing resourceDirectory D:\bean\code\java\snimay_\snimay\src\test\resources
2020-12-21 21:18:10,574 [Worker-69: Building] INFO  o.e.m.c.i.embedder.EclipseLogger - Using 'UTF-8' encoding to copy filtered resources.
2020-12-21 21:18:10,726 [Worker-69: Building] INFO  o.e.m.c.i.embedder.EclipseLogger - Copying 7186 resources
2020-12-21 21:18:11,538 [Worker-69: Building] INFO  o.e.m.c.i.embedder.EclipseLogger - Using 'UTF-8' encoding to copy filtered resources.
2020-12-21 21:18:11,538 [Worker-69: Building] INFO  o.e.m.c.i.embedder.EclipseLogger - skip non existing resourceDirectory D:\bean\code\java\snimay_\snimay\src\test\resources
2020-12-21 21:18:22,737 [Worker-70: Building] INFO  o.e.m.c.i.embedder.EclipseLogger - Using 'UTF-8' encoding to copy filtered resources.
2020-12-21 21:18:22,890 [Worker-70: Building] INFO  o.e.m.c.i.embedder.EclipseLogger - Copying 7186 resources
2020-12-21 21:18:23,707 [Worker-70: Building] INFO  o.e.m.c.i.embedder.EclipseLogger - Using 'UTF-8' encoding to copy filtered resources.
2020-12-21 21:18:23,707 [Worker-70: Building] INFO  o.e.m.c.i.embedder.EclipseLogger - skip non existing resourceDirectory D:\bean\code\java\snimay_\snimay\src\test\resources
2020-12-21 21:18:43,298 [Worker-67: Building] INFO  o.e.m.c.i.embedder.EclipseLogger - Using 'UTF-8' encoding to copy filtered resources.
2020-12-21 21:18:43,452 [Worker-67: Building] INFO  o.e.m.c.i.embedder.EclipseLogger - Copying 7186 resources
2020-12-21 21:18:44,247 [Worker-67: Building] INFO  o.e.m.c.i.embedder.EclipseLogger - Using 'UTF-8' encoding to copy filtered resources.
2020-12-21 21:18:44,247 [Worker-67: Building] INFO  o.e.m.c.i.embedder.EclipseLogger - skip non existing resourceDirectory D:\bean\code\java\snimay_\snimay\src\test\resources
2020-12-21 21:18:54,483 [Worker-64: Building] INFO  o.e.m.c.i.embedder.EclipseLogger - Using 'UTF-8' encoding to copy filtered resources.
2020-12-21 21:18:54,633 [Worker-64: Building] INFO  o.e.m.c.i.embedder.EclipseLogger - Copying 7186 resources
2020-12-21 21:18:55,452 [Worker-64: Building] INFO  o.e.m.c.i.embedder.EclipseLogger - Using 'UTF-8' encoding to copy filtered resources.
2020-12-21 21:18:55,453 [Worker-64: Building] INFO  o.e.m.c.i.embedder.EclipseLogger - skip non existing resourceDirectory D:\bean\code\java\snimay_\snimay\src\test\resources
2020-12-21 21:18:57,416 [Worker-71: Building] INFO  o.e.m.c.i.embedder.EclipseLogger - Using 'UTF-8' encoding to copy filtered resources.
2020-12-21 21:18:57,568 [Worker-71: Building] INFO  o.e.m.c.i.embedder.EclipseLogger - Copying 7186 resources
2020-12-21 21:18:58,382 [Worker-71: Building] INFO  o.e.m.c.i.embedder.EclipseLogger - Using 'UTF-8' encoding to copy filtered resources.
2020-12-21 21:18:58,382 [Worker-71: Building] INFO  o.e.m.c.i.embedder.EclipseLogger - skip non existing resourceDirectory D:\bean\code\java\snimay_\snimay\src\test\resources
2020-12-21 21:19:08,983 [Worker-67: Building] INFO  o.e.m.c.i.embedder.EclipseLogger - Using 'UTF-8' encoding to copy filtered resources.
2020-12-21 21:19:09,148 [Worker-67: Building] INFO  o.e.m.c.i.embedder.EclipseLogger - Copying 7186 resources
2020-12-21 21:19:09,960 [Worker-67: Building] INFO  o.e.m.c.i.embedder.EclipseLogger - Using 'UTF-8' encoding to copy filtered resources.
2020-12-21 21:19:09,960 [Worker-67: Building] INFO  o.e.m.c.i.embedder.EclipseLogger - skip non existing resourceDirectory D:\bean\code\java\snimay_\snimay\src\test\resources
2020-12-21 21:22:37,266 [Worker-64: Building] INFO  o.e.m.c.i.embedder.EclipseLogger - Using 'UTF-8' encoding to copy filtered resources.
2020-12-21 21:22:37,444 [Worker-64: Building] INFO  o.e.m.c.i.embedder.EclipseLogger - Copying 7186 resources
2020-12-21 21:22:38,366 [Worker-64: Building] INFO  o.e.m.c.i.embedder.EclipseLogger - Using 'UTF-8' encoding to copy filtered resources.
2020-12-21 21:22:38,366 [Worker-64: Building] INFO  o.e.m.c.i.embedder.EclipseLogger - skip non existing resourceDirectory D:\bean\code\java\snimay_\snimay\src\test\resources
2020-12-21 21:23:26,774 [Worker-72: Building] INFO  o.e.m.c.i.embedder.EclipseLogger - Using 'UTF-8' encoding to copy filtered resources.
2020-12-21 21:23:26,944 [Worker-72: Building] INFO  o.e.m.c.i.embedder.EclipseLogger - Copying 7186 resources
2020-12-21 21:23:27,856 [Worker-72: Building] INFO  o.e.m.c.i.embedder.EclipseLogger - Using 'UTF-8' encoding to copy filtered resources.
2020-12-21 21:23:27,856 [Worker-72: Building] INFO  o.e.m.c.i.embedder.EclipseLogger - skip non existing resourceDirectory D:\bean\code\java\snimay_\snimay\src\test\resources
2020-12-21 21:23:31,665 [Worker-72: Building] INFO  o.e.m.c.i.embedder.EclipseLogger - Using 'UTF-8' encoding to copy filtered resources.
2020-12-21 21:23:31,833 [Worker-72: Building] INFO  o.e.m.c.i.embedder.EclipseLogger - Copying 7186 resources
2020-12-21 21:23:32,738 [Worker-72: Building] INFO  o.e.m.c.i.embedder.EclipseLogger - Using 'UTF-8' encoding to copy filtered resources.
2020-12-21 21:23:32,738 [Worker-72: Building] INFO  o.e.m.c.i.embedder.EclipseLogger - skip non existing resourceDirectory D:\bean\code\java\snimay_\snimay\src\test\resources
2020-12-21 21:24:56,706 [Worker-73: Building] INFO  o.e.m.c.i.embedder.EclipseLogger - Using 'UTF-8' encoding to copy filtered resources.
2020-12-21 21:24:56,897 [Worker-73: Building] INFO  o.e.m.c.i.embedder.EclipseLogger - Copying 7186 resources
2020-12-21 21:24:57,828 [Worker-73: Building] INFO  o.e.m.c.i.embedder.EclipseLogger - Using 'UTF-8' encoding to copy filtered resources.
2020-12-21 21:24:57,828 [Worker-73: Building] INFO  o.e.m.c.i.embedder.EclipseLogger - skip non existing resourceDirectory D:\bean\code\java\snimay_\snimay\src\test\resources
2020-12-21 21:30:52,449 [Worker-64: Building] INFO  o.e.m.c.i.embedder.EclipseLogger - Using 'UTF-8' encoding to copy filtered resources.
2020-12-21 21:30:52,620 [Worker-64: Building] INFO  o.e.m.c.i.embedder.EclipseLogger - Copying 7186 resources
2020-12-21 21:30:53,545 [Worker-64: Building] INFO  o.e.m.c.i.embedder.EclipseLogger - Using 'UTF-8' encoding to copy filtered resources.
2020-12-21 21:30:53,545 [Worker-64: Building] INFO  o.e.m.c.i.embedder.EclipseLogger - skip non existing resourceDirectory D:\bean\code\java\snimay_\snimay\src\test\resources
2020-12-21 21:30:55,673 [Worker-73: Building] INFO  o.e.m.c.i.embedder.EclipseLogger - Using 'UTF-8' encoding to copy filtered resources.
2020-12-21 21:30:55,841 [Worker-73: Building] INFO  o.e.m.c.i.embedder.EclipseLogger - Copying 7186 resources
2020-12-21 21:30:56,751 [Worker-73: Building] INFO  o.e.m.c.i.embedder.EclipseLogger - Using 'UTF-8' encoding to copy filtered resources.
2020-12-21 21:30:56,751 [Worker-73: Building] INFO  o.e.m.c.i.embedder.EclipseLogger - skip non existing resourceDirectory D:\bean\code\java\snimay_\snimay\src\test\resources
2020-12-21 21:32:27,761 [Worker-74: Building] INFO  o.e.m.c.i.embedder.EclipseLogger - Using 'UTF-8' encoding to copy filtered resources.
2020-12-21 21:32:27,937 [Worker-74: Building] INFO  o.e.m.c.i.embedder.EclipseLogger - Copying 7186 resources
2020-12-21 21:32:28,842 [Worker-74: Building] INFO  o.e.m.c.i.embedder.EclipseLogger - Using 'UTF-8' encoding to copy filtered resources.
2020-12-21 21:32:28,842 [Worker-74: Building] INFO  o.e.m.c.i.embedder.EclipseLogger - skip non existing resourceDirectory D:\bean\code\java\snimay_\snimay\src\test\resources
2020-12-21 21:34:03,046 [Worker-76: Building] INFO  o.e.m.c.i.embedder.EclipseLogger - Using 'UTF-8' encoding to copy filtered resources.
2020-12-21 21:34:03,216 [Worker-76: Building] INFO  o.e.m.c.i.embedder.EclipseLogger - Copying 7186 resources
2020-12-21 21:34:04,145 [Worker-76: Building] INFO  o.e.m.c.i.embedder.EclipseLogger - Using 'UTF-8' encoding to copy filtered resources.
2020-12-21 21:34:04,145 [Worker-76: Building] INFO  o.e.m.c.i.embedder.EclipseLogger - skip non existing resourceDirectory D:\bean\code\java\snimay_\snimay\src\test\resources
2020-12-21 21:34:08,331 [Worker-74: Building] INFO  o.e.m.c.i.embedder.EclipseLogger - Using 'UTF-8' encoding to copy filtered resources.
2020-12-21 21:34:08,501 [Worker-74: Building] INFO  o.e.m.c.i.embedder.EclipseLogger - Copying 7186 resources
2020-12-21 21:34:09,956 [Worker-74: Building] INFO  o.e.m.c.i.embedder.EclipseLogger - Using 'UTF-8' encoding to copy filtered resources.
2020-12-21 21:34:09,957 [Worker-74: Building] INFO  o.e.m.c.i.embedder.EclipseLogger - skip non existing resourceDirectory D:\bean\code\java\snimay_\snimay\src\test\resources
2020-12-21 21:39:28,896 [Worker-82: Building] INFO  o.e.m.c.i.embedder.EclipseLogger - Using 'UTF-8' encoding to copy filtered resources.
2020-12-21 21:39:29,065 [Worker-82: Building] INFO  o.e.m.c.i.embedder.EclipseLogger - Copying 7186 resources
2020-12-21 21:39:29,973 [Worker-82: Building] INFO  o.e.m.c.i.embedder.EclipseLogger - Using 'UTF-8' encoding to copy filtered resources.
2020-12-21 21:39:29,974 [Worker-82: Building] INFO  o.e.m.c.i.embedder.EclipseLogger - skip non existing resourceDirectory D:\bean\code\java\snimay_\snimay\src\test\resources
2020-12-21 21:39:33,907 [Worker-81: Building] INFO  o.e.m.c.i.embedder.EclipseLogger - Using 'UTF-8' encoding to copy filtered resources.
2020-12-21 21:39:34,081 [Worker-81: Building] INFO  o.e.m.c.i.embedder.EclipseLogger - Copying 7186 resources
2020-12-21 21:39:35,011 [Worker-81: Building] INFO  o.e.m.c.i.embedder.EclipseLogger - Using 'UTF-8' encoding to copy filtered resources.
2020-12-21 21:39:35,011 [Worker-81: Building] INFO  o.e.m.c.i.embedder.EclipseLogger - skip non existing resourceDirectory D:\bean\code\java\snimay_\snimay\src\test\resources
2020-12-22 09:10:35,844 [Worker-9: Loading available Gradle versions] INFO  o.e.b.c.i.u.g.PublishedGradleVersions - Gradle version information cache is up-to-date. Trying to read.
2020-12-22 09:19:06,411 [Worker-13: Building] INFO  o.e.m.c.i.embedder.EclipseLogger - Using 'UTF-8' encoding to copy filtered resources.
2020-12-22 09:19:06,533 [Worker-13: Building] INFO  o.e.m.c.i.embedder.EclipseLogger - Copying 7186 resources
2020-12-22 09:19:07,896 [Worker-13: Building] INFO  o.e.m.c.i.embedder.EclipseLogger - Using 'UTF-8' encoding to copy filtered resources.
2020-12-22 09:19:07,896 [Worker-13: Building] INFO  o.e.m.c.i.embedder.EclipseLogger - skip non existing resourceDirectory D:\bean\code\java\snimay_\snimay\src\test\resources
2020-12-22 09:19:12,743 [Worker-2: Building] INFO  o.e.m.c.i.embedder.EclipseLogger - Using 'UTF-8' encoding to copy filtered resources.
2020-12-22 09:19:12,744 [Worker-2: Building] INFO  o.e.m.c.i.embedder.EclipseLogger - Copying 0 resource
2020-12-22 09:19:12,746 [Worker-2: Building] INFO  o.e.m.c.i.embedder.EclipseLogger - Using 'UTF-8' encoding to copy filtered resources.
2020-12-22 09:19:12,746 [Worker-2: Building] INFO  o.e.m.c.i.embedder.EclipseLogger - skip non existing resourceDirectory D:\bean\code\java\snimay_\snimay\src\test\resources
2020-12-22 09:23:59,156 [Worker-19: Building] INFO  o.e.m.c.i.embedder.EclipseLogger - Using 'UTF-8' encoding to copy filtered resources.
2020-12-22 09:23:59,339 [Worker-19: Building] INFO  o.e.m.c.i.embedder.EclipseLogger - Copying 7186 resources
2020-12-22 09:24:00,345 [Worker-19: Building] INFO  o.e.m.c.i.embedder.EclipseLogger - Using 'UTF-8' encoding to copy filtered resources.
2020-12-22 09:24:00,346 [Worker-19: Building] INFO  o.e.m.c.i.embedder.EclipseLogger - skip non existing resourceDirectory D:\bean\code\java\snimay_\snimay\src\test\resources
2020-12-22 09:24:28,795 [Worker-2: Building] INFO  o.e.m.c.i.embedder.EclipseLogger - Using 'UTF-8' encoding to copy filtered resources.
2020-12-22 09:24:29,010 [Worker-2: Building] INFO  o.e.m.c.i.embedder.EclipseLogger - Copying 7186 resources
2020-12-22 09:24:29,911 [Worker-2: Building] INFO  o.e.m.c.i.embedder.EclipseLogger - Using 'UTF-8' encoding to copy filtered resources.
2020-12-22 09:24:29,912 [Worker-2: Building] INFO  o.e.m.c.i.embedder.EclipseLogger - skip non existing resourceDirectory D:\bean\code\java\snimay_\snimay\src\test\resources
2020-12-22 09:24:40,918 [Worker-20: Building] INFO  o.e.m.c.i.embedder.EclipseLogger - Using 'UTF-8' encoding to copy filtered resources.
2020-12-22 09:24:41,073 [Worker-20: Building] INFO  o.e.m.c.i.embedder.EclipseLogger - Copying 7186 resources
2020-12-22 09:24:41,912 [Worker-20: Building] INFO  o.e.m.c.i.embedder.EclipseLogger - Using 'UTF-8' encoding to copy filtered resources.
2020-12-22 09:24:41,912 [Worker-20: Building] INFO  o.e.m.c.i.embedder.EclipseLogger - skip non existing resourceDirectory D:\bean\code\java\snimay_\snimay\src\test\resources
2020-12-22 09:24:59,955 [Worker-2: Building] INFO  o.e.m.c.i.embedder.EclipseLogger - Using 'UTF-8' encoding to copy filtered resources.
2020-12-22 09:24:59,955 [Worker-2: Building] INFO  o.e.m.c.i.embedder.EclipseLogger - Copying 0 resource
2020-12-22 09:24:59,956 [Worker-2: Building] INFO  o.e.m.c.i.embedder.EclipseLogger - Using 'UTF-8' encoding to copy filtered resources.
2020-12-22 09:24:59,956 [Worker-2: Building] INFO  o.e.m.c.i.embedder.EclipseLogger - skip non existing resourceDirectory D:\bean\code\java\snimay_\snimay\src\test\resources
2020-12-22 09:25:01,246 [Worker-2: Building] INFO  o.e.m.c.i.embedder.EclipseLogger - Using 'UTF-8' encoding to copy filtered resources.
2020-12-22 09:25:01,246 [Worker-2: Building] INFO  o.e.m.c.i.embedder.EclipseLogger - Copying 0 resource
2020-12-22 09:25:01,247 [Worker-2: Building] INFO  o.e.m.c.i.embedder.EclipseLogger - Using 'UTF-8' encoding to copy filtered resources.
2020-12-22 09:25:01,247 [Worker-2: Building] INFO  o.e.m.c.i.embedder.EclipseLogger - skip non existing resourceDirectory D:\bean\code\java\snimay_\snimay\src\test\resources
2020-12-22 09:27:43,816 [Worker-20: Building] INFO  o.e.m.c.i.embedder.EclipseLogger - Using 'UTF-8' encoding to copy filtered resources.
2020-12-22 09:27:43,817 [Worker-20: Building] INFO  o.e.m.c.i.embedder.EclipseLogger - Copying 0 resource
2020-12-22 09:27:43,819 [Worker-20: Building] INFO  o.e.m.c.i.embedder.EclipseLogger - Using 'UTF-8' encoding to copy filtered resources.
2020-12-22 09:27:43,819 [Worker-20: Building] INFO  o.e.m.c.i.embedder.EclipseLogger - skip non existing resourceDirectory D:\bean\code\java\snimay_\snimay\src\test\resources
2020-12-22 09:45:47,595 [Worker-22: Building] INFO  o.e.m.c.i.embedder.EclipseLogger - Using 'UTF-8' encoding to copy filtered resources.
2020-12-22 09:45:47,596 [Worker-22: Building] INFO  o.e.m.c.i.embedder.EclipseLogger - Copying 0 resource
2020-12-22 09:45:47,597 [Worker-22: Building] INFO  o.e.m.c.i.embedder.EclipseLogger - Using 'UTF-8' encoding to copy filtered resources.
2020-12-22 09:45:47,597 [Worker-22: Building] INFO  o.e.m.c.i.embedder.EclipseLogger - skip non existing resourceDirectory D:\bean\code\java\snimay_\snimay\src\test\resources
2020-12-22 09:49:01,199 [Worker-29: Building] INFO  o.e.m.c.i.embedder.EclipseLogger - Using 'UTF-8' encoding to copy filtered resources.
2020-12-22 09:49:01,424 [Worker-29: Building] INFO  o.e.m.c.i.embedder.EclipseLogger - Copying 7186 resources
2020-12-22 09:49:02,350 [Worker-29: Building] INFO  o.e.m.c.i.embedder.EclipseLogger - Using 'UTF-8' encoding to copy filtered resources.
2020-12-22 09:49:02,350 [Worker-29: Building] INFO  o.e.m.c.i.embedder.EclipseLogger - skip non existing resourceDirectory D:\bean\code\java\snimay_\snimay\src\test\resources
2020-12-22 09:49:16,349 [Worker-22: Building] INFO  o.e.m.c.i.embedder.EclipseLogger - Using 'UTF-8' encoding to copy filtered resources.
2020-12-22 09:49:16,493 [Worker-22: Building] INFO  o.e.m.c.i.embedder.EclipseLogger - Copying 7186 resources
2020-12-22 09:49:17,295 [Worker-22: Building] INFO  o.e.m.c.i.embedder.EclipseLogger - Using 'UTF-8' encoding to copy filtered resources.
2020-12-22 09:49:17,295 [Worker-22: Building] INFO  o.e.m.c.i.embedder.EclipseLogger - skip non existing resourceDirectory D:\bean\code\java\snimay_\snimay\src\test\resources
2020-12-22 09:50:04,625 [Worker-29: Building] INFO  o.e.m.c.i.embedder.EclipseLogger - Using 'UTF-8' encoding to copy filtered resources.
2020-12-22 09:50:04,775 [Worker-29: Building] INFO  o.e.m.c.i.embedder.EclipseLogger - Copying 7186 resources
2020-12-22 09:50:05,595 [Worker-29: Building] INFO  o.e.m.c.i.embedder.EclipseLogger - Using 'UTF-8' encoding to copy filtered resources.
2020-12-22 09:50:05,596 [Worker-29: Building] INFO  o.e.m.c.i.embedder.EclipseLogger - skip non existing resourceDirectory D:\bean\code\java\snimay_\snimay\src\test\resources
2020-12-22 09:50:07,716 [Worker-32: Building] INFO  o.e.m.c.i.embedder.EclipseLogger - Using 'UTF-8' encoding to copy filtered resources.
2020-12-22 09:50:07,864 [Worker-32: Building] INFO  o.e.m.c.i.embedder.EclipseLogger - Copying 7186 resources
2020-12-22 09:50:08,670 [Worker-32: Building] INFO  o.e.m.c.i.embedder.EclipseLogger - Using 'UTF-8' encoding to copy filtered resources.
2020-12-22 09:50:08,671 [Worker-32: Building] INFO  o.e.m.c.i.embedder.EclipseLogger - skip non existing resourceDirectory D:\bean\code\java\snimay_\snimay\src\test\resources
2020-12-22 09:50:10,595 [Worker-33: Building] INFO  o.e.m.c.i.embedder.EclipseLogger - Using 'UTF-8' encoding to copy filtered resources.
2020-12-22 09:50:10,741 [Worker-33: Building] INFO  o.e.m.c.i.embedder.EclipseLogger - Copying 7186 resources
2020-12-22 09:50:11,571 [Worker-33: Building] INFO  o.e.m.c.i.embedder.EclipseLogger - Using 'UTF-8' encoding to copy filtered resources.
2020-12-22 09:50:11,571 [Worker-33: Building] INFO  o.e.m.c.i.embedder.EclipseLogger - skip non existing resourceDirectory D:\bean\code\java\snimay_\snimay\src\test\resources
2020-12-22 09:52:27,184 [Worker-22: Building] INFO  o.e.m.c.i.embedder.EclipseLogger - Using 'UTF-8' encoding to copy filtered resources.
2020-12-22 09:52:27,387 [Worker-22: Building] INFO  o.e.m.c.i.embedder.EclipseLogger - Copying 7186 resources
2020-12-22 09:52:28,308 [Worker-22: Building] INFO  o.e.m.c.i.embedder.EclipseLogger - Using 'UTF-8' encoding to copy filtered resources.
2020-12-22 09:52:28,309 [Worker-22: Building] INFO  o.e.m.c.i.embedder.EclipseLogger - skip non existing resourceDirectory D:\bean\code\java\snimay_\snimay\src\test\resources
2020-12-22 10:40:53,514 [Worker-51: Building] INFO  o.e.m.c.i.embedder.EclipseLogger - Using 'UTF-8' encoding to copy filtered resources.
2020-12-22 10:40:53,721 [Worker-51: Building] INFO  o.e.m.c.i.embedder.EclipseLogger - Copying 7186 resources
2020-12-22 10:40:54,686 [Worker-51: Building] INFO  o.e.m.c.i.embedder.EclipseLogger - Using 'UTF-8' encoding to copy filtered resources.
2020-12-22 10:40:54,687 [Worker-51: Building] INFO  o.e.m.c.i.embedder.EclipseLogger - skip non existing resourceDirectory D:\bean\code\java\snimay_\snimay\src\test\resources
2020-12-22 10:41:12,566 [Worker-51: Building] INFO  o.e.m.c.i.embedder.EclipseLogger - Using 'UTF-8' encoding to copy filtered resources.
2020-12-22 10:41:12,726 [Worker-51: Building] INFO  o.e.m.c.i.embedder.EclipseLogger - Copying 7186 resources
2020-12-22 10:41:13,559 [Worker-51: Building] INFO  o.e.m.c.i.embedder.EclipseLogger - Using 'UTF-8' encoding to copy filtered resources.
2020-12-22 10:41:13,559 [Worker-51: Building] INFO  o.e.m.c.i.embedder.EclipseLogger - skip non existing resourceDirectory D:\bean\code\java\snimay_\snimay\src\test\resources
2020-12-22 10:41:45,254 [Worker-32: Building] INFO  o.e.m.c.i.embedder.EclipseLogger - Using 'UTF-8' encoding to copy filtered resources.
2020-12-22 10:41:45,401 [Worker-32: Building] INFO  o.e.m.c.i.embedder.EclipseLogger - Copying 7186 resources
2020-12-22 10:41:46,200 [Worker-32: Building] INFO  o.e.m.c.i.embedder.EclipseLogger - Using 'UTF-8' encoding to copy filtered resources.
2020-12-22 10:41:46,200 [Worker-32: Building] INFO  o.e.m.c.i.embedder.EclipseLogger - skip non existing resourceDirectory D:\bean\code\java\snimay_\snimay\src\test\resources
2020-12-22 11:07:25,472 [Worker-78: Building] INFO  o.e.m.c.i.embedder.EclipseLogger - Using 'UTF-8' encoding to copy filtered resources.
2020-12-22 11:07:25,661 [Worker-78: Building] INFO  o.e.m.c.i.embedder.EclipseLogger - Copying 7186 resources
2020-12-22 11:07:26,682 [Worker-78: Building] INFO  o.e.m.c.i.embedder.EclipseLogger - Using 'UTF-8' encoding to copy filtered resources.
2020-12-22 11:07:26,682 [Worker-78: Building] INFO  o.e.m.c.i.embedder.EclipseLogger - skip non existing resourceDirectory D:\bean\code\java\snimay_\snimay\src\test\resources
2020-12-22 11:07:34,814 [Worker-76: Building] INFO  o.e.m.c.i.embedder.EclipseLogger - Using 'UTF-8' encoding to copy filtered resources.
2020-12-22 11:07:35,020 [Worker-76: Building] INFO  o.e.m.c.i.embedder.EclipseLogger - Copying 7186 resources
2020-12-22 11:07:36,000 [Worker-76: Building] INFO  o.e.m.c.i.embedder.EclipseLogger - Using 'UTF-8' encoding to copy filtered resources.
2020-12-22 11:07:36,000 [Worker-76: Building] INFO  o.e.m.c.i.embedder.EclipseLogger - skip non existing resourceDirectory D:\bean\code\java\snimay_\snimay\src\test\resources
2020-12-22 11:07:40,075 [Worker-79: Building] INFO  o.e.m.c.i.embedder.EclipseLogger - Using 'UTF-8' encoding to copy filtered resources.
2020-12-22 11:07:40,222 [Worker-79: Building] INFO  o.e.m.c.i.embedder.EclipseLogger - Copying 7186 resources
2020-12-22 11:07:41,013 [Worker-79: Building] INFO  o.e.m.c.i.embedder.EclipseLogger - Using 'UTF-8' encoding to copy filtered resources.
2020-12-22 11:07:41,013 [Worker-79: Building] INFO  o.e.m.c.i.embedder.EclipseLogger - skip non existing resourceDirectory D:\bean\code\java\snimay_\snimay\src\test\resources
2020-12-22 11:12:23,830 [Worker-76: Building] INFO  o.e.m.c.i.embedder.EclipseLogger - Using 'UTF-8' encoding to copy filtered resources.
2020-12-22 11:12:24,068 [Worker-76: Building] INFO  o.e.m.c.i.embedder.EclipseLogger - Copying 7186 resources
2020-12-22 11:12:25,076 [Worker-76: Building] INFO  o.e.m.c.i.embedder.EclipseLogger - Using 'UTF-8' encoding to copy filtered resources.
2020-12-22 11:12:25,076 [Worker-76: Building] INFO  o.e.m.c.i.embedder.EclipseLogger - skip non existing resourceDirectory D:\bean\code\java\snimay_\snimay\src\test\resources
2020-12-24 11:40:55,390 [Worker-7: Loading available Gradle versions] INFO  o.e.b.c.i.u.g.PublishedGradleVersions - Gradle version information cache is out-of-date. Trying to update.
2020-12-31 08:43:59,928 [Worker-0: Loading available Gradle versions] INFO  o.e.b.c.i.u.g.PublishedGradleVersions - Gradle version information cache is out-of-date. Trying to update.
2020-12-31 08:44:10,186 [Worker-0: Loading available Gradle versions] INFO  o.e.b.c.i.u.g.PublishedGradleVersions - Updating Gradle version information cache failed. Using outdated cache.
2020-12-31 11:22:54,690 [Worker-5: Loading available Gradle versions] INFO  o.e.b.c.i.u.g.PublishedGradleVersions - Gradle version information cache is out-of-date. Trying to update.
2020-12-31 11:23:05,257 [Worker-5: Loading available Gradle versions] INFO  o.e.b.c.i.u.g.PublishedGradleVersions - Updating Gradle version information cache failed. Using outdated cache.
